<?xml version="1.0" encoding="UTF-8"?><testsuite name="nosetests" tests="3" errors="2" failures="0" skip="0"><testcase classname="openquakeplatform.test.dumb_test.DumbTest" name="dumb_test" time="0.000"></testcase><testcase classname="openquakeplatform.test.isc_test.IscTest" name="isc_test" time="125.065"><error type="exceptions.NameError" message="global name 'deltas' is not defined&#10;-------------------- &gt;&gt; begin captured logging &lt;&lt; --------------------&#10;selenium.webdriver.remote.remote_connection: DEBUG: POST http://127.0.0.1:61133/hub/session/7b46f400-be8e-6343-9d0c-bd0623978f65/elements {&quot;using&quot;: &quot;xpath&quot;, &quot;sessionId&quot;: &quot;7b46f400-be8e-6343-9d0c-bd0623978f65&quot;, &quot;value&quot;: &quot;//a[@href='/explore/']&quot;}&#10;selenium.webdriver.remote.remote_connection: DEBUG: Finished Request&#10;selenium.webdriver.remote.remote_connection: DEBUG: POST http://127.0.0.1:61133/hub/session/7b46f400-be8e-6343-9d0c-bd0623978f65/element/{5398d9f2-cf1b-d145-874f-0bb553ef7b92}/click {&quot;sessionId&quot;: &quot;7b46f400-be8e-6343-9d0c-bd0623978f65&quot;, &quot;id&quot;: &quot;{5398d9f2-cf1b-d145-874f-0bb553ef7b92}&quot;}&#10;selenium.webdriver.remote.remote_connection: DEBUG: Finished Request&#10;selenium.webdriver.remote.remote_connection: DEBUG: POST http://127.0.0.1:61133/hub/session/7b46f400-be8e-6343-9d0c-bd0623978f65/element/{5398d9f2-cf1b-d145-874f-0bb553ef7b92}/elements {&quot;using&quot;: &quot;id&quot;, &quot;sessionId&quot;: &quot;7b46f400-be8e-6343-9d0c-bd0623978f65&quot;, &quot;id&quot;: &quot;{5398d9f2-cf1b-d145-874f-0bb553ef7b92}&quot;, &quot;value&quot;: &quot;doesnt-matter&quot;}&#10;selenium.webdriver.remote.remote_connection: DEBUG: Finished Request&#10;selenium.webdriver.remote.remote_connection: DEBUG: GET http://127.0.0.1:61133/hub/session/7b46f400-be8e-6343-9d0c-bd0623978f65/url {&quot;sessionId&quot;: &quot;7b46f400-be8e-6343-9d0c-bd0623978f65&quot;}&#10;selenium.webdriver.remote.remote_connection: DEBUG: Finished Request&#10;selenium.webdriver.remote.remote_connection: DEBUG: GET http://127.0.0.1:61133/hub/session/7b46f400-be8e-6343-9d0c-bd0623978f65/url {&quot;sessionId&quot;: &quot;7b46f400-be8e-6343-9d0c-bd0623978f65&quot;}&#10;selenium.webdriver.remote.remote_connection: DEBUG: Finished Request&#10;selenium.webdriver.remote.remote_connection: DEBUG: POST http://127.0.0.1:61133/hub/session/7b46f400-be8e-6343-9d0c-bd0623978f65/elements {&quot;using&quot;: &quot;xpath&quot;, &quot;sessionId&quot;: &quot;7b46f400-be8e-6343-9d0c-bd0623978f65&quot;, &quot;value&quot;: &quot;//li/a[@href='/maps/23' and normalize-space(text()) = 'Global Instrumental Earthquake Catalogue (1900 - 2009)']&quot;}&#10;selenium.webdriver.remote.remote_connection: DEBUG: Finished Request&#10;selenium.webdriver.remote.remote_connection: DEBUG: POST http://127.0.0.1:61133/hub/session/7b46f400-be8e-6343-9d0c-bd0623978f65/element/{44dead7f-dd22-c343-ad98-54e27b5ac033}/click {&quot;sessionId&quot;: &quot;7b46f400-be8e-6343-9d0c-bd0623978f65&quot;, &quot;id&quot;: &quot;{44dead7f-dd22-c343-ad98-54e27b5ac033}&quot;}&#10;selenium.webdriver.remote.remote_connection: DEBUG: Finished Request&#10;selenium.webdriver.remote.remote_connection: DEBUG: POST http://127.0.0.1:61133/hub/session/7b46f400-be8e-6343-9d0c-bd0623978f65/element/{44dead7f-dd22-c343-ad98-54e27b5ac033}/elements {&quot;using&quot;: &quot;id&quot;, &quot;sessionId&quot;: &quot;7b46f400-be8e-6343-9d0c-bd0623978f65&quot;, &quot;id&quot;: &quot;{44dead7f-dd22-c343-ad98-54e27b5ac033}&quot;, &quot;value&quot;: &quot;doesnt-matter&quot;}&#10;selenium.webdriver.remote.remote_connection: DEBUG: Finished Request&#10;selenium.webdriver.remote.remote_connection: DEBUG: GET http://127.0.0.1:61133/hub/session/7b46f400-be8e-6343-9d0c-bd0623978f65/url {&quot;sessionId&quot;: &quot;7b46f400-be8e-6343-9d0c-bd0623978f65&quot;}&#10;selenium.webdriver.remote.remote_connection: DEBUG: Finished Request&#10;selenium.webdriver.remote.remote_connection: DEBUG: GET http://127.0.0.1:61133/hub/session/7b46f400-be8e-6343-9d0c-bd0623978f65/url {&quot;sessionId&quot;: &quot;7b46f400-be8e-6343-9d0c-bd0623978f65&quot;}&#10;selenium.webdriver.remote.remote_connection: DEBUG: Finished Request&#10;selenium.webdriver.remote.remote_connection: DEBUG: POST http://127.0.0.1:61133/hub/session/7b46f400-be8e-6343-9d0c-bd0623978f65/elements {&quot;using&quot;: &quot;xpath&quot;, &quot;sessionId&quot;: &quot;7b46f400-be8e-6343-9d0c-bd0623978f65&quot;, &quot;value&quot;: &quot;//a[@href='/maps/23/view' and normalize-space(text()) = 'View Map']&quot;}&#10;selenium.webdriver.remote.remote_connection: DEBUG: Finished Request&#10;selenium.webdriver.remote.remote_connection: DEBUG: POST http://127.0.0.1:61133/hub/session/7b46f400-be8e-6343-9d0c-bd0623978f65/element/{244869f5-d435-a148-8022-612de12d5724}/click {&quot;sessionId&quot;: &quot;7b46f400-be8e-6343-9d0c-bd0623978f65&quot;, &quot;id&quot;: &quot;{244869f5-d435-a148-8022-612de12d5724}&quot;}&#10;selenium.webdriver.remote.remote_connection: DEBUG: Finished Request&#10;selenium.webdriver.remote.remote_connection: DEBUG: POST http://127.0.0.1:61133/hub/session/7b46f400-be8e-6343-9d0c-bd0623978f65/element/{244869f5-d435-a148-8022-612de12d5724}/elements {&quot;using&quot;: &quot;id&quot;, &quot;sessionId&quot;: &quot;7b46f400-be8e-6343-9d0c-bd0623978f65&quot;, &quot;id&quot;: &quot;{244869f5-d435-a148-8022-612de12d5724}&quot;, &quot;value&quot;: &quot;doesnt-matter&quot;}&#10;selenium.webdriver.remote.remote_connection: DEBUG: Finished Request&#10;selenium.webdriver.remote.remote_connection: DEBUG: GET http://127.0.0.1:61133/hub/session/7b46f400-be8e-6343-9d0c-bd0623978f65/url {&quot;sessionId&quot;: &quot;7b46f400-be8e-6343-9d0c-bd0623978f65&quot;}&#10;selenium.webdriver.remote.remote_connection: DEBUG: Finished Request&#10;selenium.webdriver.remote.remote_connection: DEBUG: GET http://127.0.0.1:61133/hub/session/7b46f400-be8e-6343-9d0c-bd0623978f65/url {&quot;sessionId&quot;: &quot;7b46f400-be8e-6343-9d0c-bd0623978f65&quot;}&#10;selenium.webdriver.remote.remote_connection: DEBUG: Finished Request&#10;selenium.webdriver.remote.remote_connection: DEBUG: POST http://127.0.0.1:61133/hub/session/7b46f400-be8e-6343-9d0c-bd0623978f65/elements {&quot;using&quot;: &quot;xpath&quot;, &quot;sessionId&quot;: &quot;7b46f400-be8e-6343-9d0c-bd0623978f65&quot;, &quot;value&quot;: &quot;//button[@type='button' and normalize-space(text()) = 'Identify']&quot;}&#10;selenium.webdriver.remote.remote_connection: DEBUG: Finished Request&#10;selenium.webdriver.remote.remote_connection: DEBUG: POST http://127.0.0.1:61133/hub/session/7b46f400-be8e-6343-9d0c-bd0623978f65/element/{073c477f-682a-534a-8dd9-a4ab62c2f21b}/click {&quot;sessionId&quot;: &quot;7b46f400-be8e-6343-9d0c-bd0623978f65&quot;, &quot;id&quot;: &quot;{073c477f-682a-534a-8dd9-a4ab62c2f21b}&quot;}&#10;selenium.webdriver.remote.remote_connection: DEBUG: Finished Request&#10;selenium.webdriver.remote.remote_connection: DEBUG: POST http://127.0.0.1:61133/hub/session/7b46f400-be8e-6343-9d0c-bd0623978f65/elements {&quot;using&quot;: &quot;xpath&quot;, &quot;sessionId&quot;: &quot;7b46f400-be8e-6343-9d0c-bd0623978f65&quot;, &quot;value&quot;: &quot;//img[contains(@src, 'wms?LAYERS=oqplatform%3Aisc_viewer_measure&amp;FORMAT=image%2Fpng&amp;TRANSPARENT=TRUE&amp;SERVICE=WMS&amp;VERSION=1.1.1&amp;REQUEST=GetMap&amp;STYLES=&amp;TILED=true&amp;SRS=EPSG%3A900913&amp;BBOX=-10018754.17,0,-5009377.085,5009377.085&amp;WIDTH=256&amp;HEIGHT=256')]&quot;}&#10;selenium.webdriver.remote.remote_connection: DEBUG: Finished Request&#10;selenium.webdriver.remote.remote_connection: DEBUG: POST http://127.0.0.1:61133/hub/session/7b46f400-be8e-6343-9d0c-bd0623978f65/elements {&quot;using&quot;: &quot;xpath&quot;, &quot;sessionId&quot;: &quot;7b46f400-be8e-6343-9d0c-bd0623978f65&quot;, &quot;value&quot;: &quot;//img[contains(@src, 'wms?LAYERS=oqplatform%3Aisc_viewer_measure&amp;FORMAT=image%2Fpng&amp;TRANSPARENT=TRUE&amp;SERVICE=WMS&amp;VERSION=1.1.1&amp;REQUEST=GetMap&amp;STYLES=&amp;TILED=true&amp;SRS=EPSG%3A900913&amp;BBOX=-10018754.17,0,-5009377.085,5009377.085&amp;WIDTH=256&amp;HEIGHT=256')]&quot;}&#10;selenium.webdriver.remote.remote_connection: DEBUG: Finished Request&#10;selenium.webdriver.remote.remote_connection: DEBUG: POST http://127.0.0.1:61133/hub/session/7b46f400-be8e-6343-9d0c-bd0623978f65/elements {&quot;using&quot;: &quot;xpath&quot;, &quot;sessionId&quot;: &quot;7b46f400-be8e-6343-9d0c-bd0623978f65&quot;, &quot;value&quot;: &quot;//img[contains(@src, 'wms?LAYERS=oqplatform%3Aisc_viewer_measure&amp;FORMAT=image%2Fpng&amp;TRANSPARENT=TRUE&amp;SERVICE=WMS&amp;VERSION=1.1.1&amp;REQUEST=GetMap&amp;STYLES=&amp;TILED=true&amp;SRS=EPSG%3A900913&amp;BBOX=-10018754.17,0,-5009377.085,5009377.085&amp;WIDTH=256&amp;HEIGHT=256')]&quot;}&#10;selenium.webdriver.remote.remote_connection: DEBUG: Finished Request&#10;selenium.webdriver.remote.remote_connection: DEBUG: POST http://127.0.0.1:61133/hub/session/7b46f400-be8e-6343-9d0c-bd0623978f65/execute {&quot;sessionId&quot;: &quot;7b46f400-be8e-6343-9d0c-bd0623978f65&quot;, &quot;args&quot;: [], &quot;script&quot;: &quot;\n\n    pla_click_show = function (x,y) {\n        var div = document.createElement(\&quot;div\&quot;);\n        div.style.left = x+\&quot;px\&quot;;\n        div.style.top  = y+\&quot;px\&quot;;\n        div.style.position = \&quot;fixed\&quot;;\n        div.style.width = \&quot;50px\&quot;;\n        div.style.height = \&quot;50px\&quot;;\n        div.style.background = \&quot;red\&quot;;\n        div.style.opacity = \&quot;0.5\&quot;;\n        document.body.appendChild(div);\n    };\n\n    pla_click = function (x,y){\n        var ev = document.createEvent(\&quot;MouseEvent\&quot;);\n        var el = document.elementFromPoint(x,y);\n        console.log(x,y);\n        ev.initMouseEvent(\n            \&quot;click\&quot;,\n            true /* bubble */, true /* cancelable */,\n            window, null,\n            x, y, x, y, /* coordinates */\n            false, false, false, false, /* modifier keys */\n            0 /*left*/, null\n        );\n        el.dispatchEvent(ev);\n\n        // pla_click_show(x,y);\n    };\n\n    pla_click_doc = function (x,y){\n        var ev = document.createEvent(\&quot;MouseEvent\&quot;);\n        ev.initMouseEvent(\n            \&quot;click\&quot;,\n            true /* bubble */, true /* cancelable */,\n            window, null,\n            x, y, 0, 0, /* coordinates */\n            false, false, false, false, /* modifier keys */\n            0 /*left*/, null\n        );\n        document.getElementsByTagName(\&quot;html\&quot;)[0].dispatchEvent(ev);\n\n        pla_click_show(x,y);\n    };\n\n    &quot;}&#10;selenium.webdriver.remote.remote_connection: DEBUG: Finished Request&#10;selenium.webdriver.remote.remote_connection: DEBUG: GET http://127.0.0.1:61133/hub/session/7b46f400-be8e-6343-9d0c-bd0623978f65/element/{7d58214f-aba0-0446-8b71-ed5eab879aee}/location {&quot;sessionId&quot;: &quot;7b46f400-be8e-6343-9d0c-bd0623978f65&quot;, &quot;id&quot;: &quot;{7d58214f-aba0-0446-8b71-ed5eab879aee}&quot;}&#10;selenium.webdriver.remote.remote_connection: DEBUG: Finished Request&#10;selenium.webdriver.remote.remote_connection: DEBUG: GET http://127.0.0.1:61133/hub/session/7b46f400-be8e-6343-9d0c-bd0623978f65/element/{7d58214f-aba0-0446-8b71-ed5eab879aee}/location {&quot;sessionId&quot;: &quot;7b46f400-be8e-6343-9d0c-bd0623978f65&quot;, &quot;id&quot;: &quot;{7d58214f-aba0-0446-8b71-ed5eab879aee}&quot;}&#10;selenium.webdriver.remote.remote_connection: DEBUG: Finished Request&#10;selenium.webdriver.remote.remote_connection: DEBUG: POST http://127.0.0.1:61133/hub/session/7b46f400-be8e-6343-9d0c-bd0623978f65/execute {&quot;sessionId&quot;: &quot;7b46f400-be8e-6343-9d0c-bd0623978f65&quot;, &quot;args&quot;: [], &quot;script&quot;: &quot;pla_click(718, 392);&quot;}&#10;selenium.webdriver.remote.remote_connection: DEBUG: Finished Request&#10;selenium.webdriver.remote.remote_connection: DEBUG: POST http://127.0.0.1:61133/hub/session/7b46f400-be8e-6343-9d0c-bd0623978f65/elements {&quot;using&quot;: &quot;xpath&quot;, &quot;sessionId&quot;: &quot;7b46f400-be8e-6343-9d0c-bd0623978f65&quot;, &quot;value&quot;: &quot;//div[text() = '1951-03-19T04:23:00']&quot;}&#10;selenium.webdriver.remote.remote_connection: DEBUG: Finished Request&#10;selenium.webdriver.remote.remote_connection: DEBUG: POST http://127.0.0.1:61133/hub/session/7b46f400-be8e-6343-9d0c-bd0623978f65/elements {&quot;using&quot;: &quot;xpath&quot;, &quot;sessionId&quot;: &quot;7b46f400-be8e-6343-9d0c-bd0623978f65&quot;, &quot;value&quot;: &quot;//div[text() = '1951-03-19T04:23:00']&quot;}&#10;selenium.webdriver.remote.remote_connection: DEBUG: Finished Request&#10;selenium.webdriver.remote.remote_connection: DEBUG: POST http://127.0.0.1:61133/hub/session/7b46f400-be8e-6343-9d0c-bd0623978f65/elements {&quot;using&quot;: &quot;xpath&quot;, &quot;sessionId&quot;: &quot;7b46f400-be8e-6343-9d0c-bd0623978f65&quot;, &quot;value&quot;: &quot;//div[text() = '1951-03-19T04:23:00']&quot;}&#10;selenium.webdriver.remote.remote_connection: DEBUG: Finished Request&#10;selenium.webdriver.remote.remote_connection: DEBUG: POST http://127.0.0.1:61133/hub/session/7b46f400-be8e-6343-9d0c-bd0623978f65/elements {&quot;using&quot;: &quot;xpath&quot;, &quot;sessionId&quot;: &quot;7b46f400-be8e-6343-9d0c-bd0623978f65&quot;, &quot;value&quot;: &quot;//div[text() = '1951-03-19T04:23:00']&quot;}&#10;selenium.webdriver.remote.remote_connection: DEBUG: Finished Request&#10;selenium.webdriver.remote.remote_connection: DEBUG: POST http://127.0.0.1:61133/hub/session/7b46f400-be8e-6343-9d0c-bd0623978f65/elements {&quot;using&quot;: &quot;xpath&quot;, &quot;sessionId&quot;: &quot;7b46f400-be8e-6343-9d0c-bd0623978f65&quot;, &quot;value&quot;: &quot;//div[text() = '1951-03-19T04:23:00']&quot;}&#10;selenium.webdriver.remote.remote_connection: DEBUG: Finished Request&#10;selenium.webdriver.remote.remote_connection: DEBUG: POST http://127.0.0.1:61133/hub/session/7b46f400-be8e-6343-9d0c-bd0623978f65/elements {&quot;using&quot;: &quot;xpath&quot;, &quot;sessionId&quot;: &quot;7b46f400-be8e-6343-9d0c-bd0623978f65&quot;, &quot;value&quot;: &quot;//div[text() = '1951-03-19T04:23:00']&quot;}&#10;selenium.webdriver.remote.remote_connection: DEBUG: Finished Request&#10;selenium.webdriver.remote.remote_connection: DEBUG: POST http://127.0.0.1:61133/hub/session/7b46f400-be8e-6343-9d0c-bd0623978f65/elements {&quot;using&quot;: &quot;xpath&quot;, &quot;sessionId&quot;: &quot;7b46f400-be8e-6343-9d0c-bd0623978f65&quot;, &quot;value&quot;: &quot;//div[text() = '1951-03-19T04:23:00']&quot;}&#10;selenium.webdriver.remote.remote_connection: DEBUG: Finished Request&#10;selenium.webdriver.remote.remote_connection: DEBUG: POST http://127.0.0.1:61133/hub/session/7b46f400-be8e-6343-9d0c-bd0623978f65/elements {&quot;using&quot;: &quot;xpath&quot;, &quot;sessionId&quot;: &quot;7b46f400-be8e-6343-9d0c-bd0623978f65&quot;, &quot;value&quot;: &quot;//div[text() = '1951-03-19T04:23:00']&quot;}&#10;selenium.webdriver.remote.remote_connection: DEBUG: Finished Request&#10;selenium.webdriver.remote.remote_connection: DEBUG: POST http://127.0.0.1:61133/hub/session/7b46f400-be8e-6343-9d0c-bd0623978f65/elements {&quot;using&quot;: &quot;xpath&quot;, &quot;sessionId&quot;: &quot;7b46f400-be8e-6343-9d0c-bd0623978f65&quot;, &quot;value&quot;: &quot;//div[text() = '1951-03-19T04:23:00']&quot;}&#10;selenium.webdriver.remote.remote_connection: DEBUG: Finished Request&#10;selenium.webdriver.remote.remote_connection: DEBUG: POST http://127.0.0.1:61133/hub/session/7b46f400-be8e-6343-9d0c-bd0623978f65/elements {&quot;using&quot;: &quot;xpath&quot;, &quot;sessionId&quot;: &quot;7b46f400-be8e-6343-9d0c-bd0623978f65&quot;, &quot;value&quot;: &quot;//div[text() = '1951-03-19T04:23:00']&quot;}&#10;selenium.webdriver.remote.remote_connection: DEBUG: Finished Request&#10;selenium.webdriver.remote.remote_connection: DEBUG: POST http://127.0.0.1:61133/hub/session/7b46f400-be8e-6343-9d0c-bd0623978f65/elements {&quot;using&quot;: &quot;xpath&quot;, &quot;sessionId&quot;: &quot;7b46f400-be8e-6343-9d0c-bd0623978f65&quot;, &quot;value&quot;: &quot;//div[text() = '1951-03-19T04:23:00']&quot;}&#10;selenium.webdriver.remote.remote_connection: DEBUG: Finished Request&#10;selenium.webdriver.remote.remote_connection: DEBUG: POST http://127.0.0.1:61133/hub/session/7b46f400-be8e-6343-9d0c-bd0623978f65/elements {&quot;using&quot;: &quot;xpath&quot;, &quot;sessionId&quot;: &quot;7b46f400-be8e-6343-9d0c-bd0623978f65&quot;, &quot;value&quot;: &quot;//div[text() = '1951-03-19T04:23:00']&quot;}&#10;selenium.webdriver.remote.remote_connection: DEBUG: Finished Request&#10;selenium.webdriver.remote.remote_connection: DEBUG: POST http://127.0.0.1:61133/hub/session/7b46f400-be8e-6343-9d0c-bd0623978f65/elements {&quot;using&quot;: &quot;xpath&quot;, &quot;sessionId&quot;: &quot;7b46f400-be8e-6343-9d0c-bd0623978f65&quot;, &quot;value&quot;: &quot;//div[text() = '1951-03-19T04:23:00']&quot;}&#10;selenium.webdriver.remote.remote_connection: DEBUG: Finished Request&#10;selenium.webdriver.remote.remote_connection: DEBUG: POST http://127.0.0.1:61133/hub/session/7b46f400-be8e-6343-9d0c-bd0623978f65/elements {&quot;using&quot;: &quot;xpath&quot;, &quot;sessionId&quot;: &quot;7b46f400-be8e-6343-9d0c-bd0623978f65&quot;, &quot;value&quot;: &quot;//div[text() = '1951-03-19T04:23:00']&quot;}&#10;selenium.webdriver.remote.remote_connection: DEBUG: Finished Request&#10;selenium.webdriver.remote.remote_connection: DEBUG: POST http://127.0.0.1:61133/hub/session/7b46f400-be8e-6343-9d0c-bd0623978f65/elements {&quot;using&quot;: &quot;xpath&quot;, &quot;sessionId&quot;: &quot;7b46f400-be8e-6343-9d0c-bd0623978f65&quot;, &quot;value&quot;: &quot;//div[text() = '1951-03-19T04:23:00']&quot;}&#10;selenium.webdriver.remote.remote_connection: DEBUG: Finished Request&#10;selenium.webdriver.remote.remote_connection: DEBUG: POST http://127.0.0.1:61133/hub/session/7b46f400-be8e-6343-9d0c-bd0623978f65/elements {&quot;using&quot;: &quot;xpath&quot;, &quot;sessionId&quot;: &quot;7b46f400-be8e-6343-9d0c-bd0623978f65&quot;, &quot;value&quot;: &quot;//div[text() = '1951-03-19T04:23:00']&quot;}&#10;selenium.webdriver.remote.remote_connection: DEBUG: Finished Request&#10;selenium.webdriver.remote.remote_connection: DEBUG: POST http://127.0.0.1:61133/hub/session/7b46f400-be8e-6343-9d0c-bd0623978f65/elements {&quot;using&quot;: &quot;xpath&quot;, &quot;sessionId&quot;: &quot;7b46f400-be8e-6343-9d0c-bd0623978f65&quot;, &quot;value&quot;: &quot;//div[text() = '1951-03-19T04:23:00']&quot;}&#10;selenium.webdriver.remote.remote_connection: DEBUG: Finished Request&#10;selenium.webdriver.remote.remote_connection: DEBUG: POST http://127.0.0.1:61133/hub/session/7b46f400-be8e-6343-9d0c-bd0623978f65/elements {&quot;using&quot;: &quot;xpath&quot;, &quot;sessionId&quot;: &quot;7b46f400-be8e-6343-9d0c-bd0623978f65&quot;, &quot;value&quot;: &quot;//div[text() = '1951-03-19T04:23:00']&quot;}&#10;selenium.webdriver.remote.remote_connection: DEBUG: Finished Request&#10;selenium.webdriver.remote.remote_connection: DEBUG: POST http://127.0.0.1:61133/hub/session/7b46f400-be8e-6343-9d0c-bd0623978f65/elements {&quot;using&quot;: &quot;xpath&quot;, &quot;sessionId&quot;: &quot;7b46f400-be8e-6343-9d0c-bd0623978f65&quot;, &quot;value&quot;: &quot;//div[text() = '1951-03-19T04:23:00']&quot;}&#10;selenium.webdriver.remote.remote_connection: DEBUG: Finished Request&#10;selenium.webdriver.remote.remote_connection: DEBUG: POST http://127.0.0.1:61133/hub/session/7b46f400-be8e-6343-9d0c-bd0623978f65/elements {&quot;using&quot;: &quot;xpath&quot;, &quot;sessionId&quot;: &quot;7b46f400-be8e-6343-9d0c-bd0623978f65&quot;, &quot;value&quot;: &quot;//div[text() = '1951-03-19T04:23:00']&quot;}&#10;selenium.webdriver.remote.remote_connection: DEBUG: Finished Request&#10;selenium.webdriver.remote.remote_connection: DEBUG: POST http://127.0.0.1:61133/hub/session/7b46f400-be8e-6343-9d0c-bd0623978f65/elements {&quot;using&quot;: &quot;xpath&quot;, &quot;sessionId&quot;: &quot;7b46f400-be8e-6343-9d0c-bd0623978f65&quot;, &quot;value&quot;: &quot;//div[text() = '1951-03-19T04:23:00']&quot;}&#10;selenium.webdriver.remote.remote_connection: DEBUG: Finished Request&#10;selenium.webdriver.remote.remote_connection: DEBUG: POST http://127.0.0.1:61133/hub/session/7b46f400-be8e-6343-9d0c-bd0623978f65/elements {&quot;using&quot;: &quot;xpath&quot;, &quot;sessionId&quot;: &quot;7b46f400-be8e-6343-9d0c-bd0623978f65&quot;, &quot;value&quot;: &quot;//div[text() = '1951-03-19T04:23:00']&quot;}&#10;selenium.webdriver.remote.remote_connection: DEBUG: Finished Request&#10;selenium.webdriver.remote.remote_connection: DEBUG: POST http://127.0.0.1:61133/hub/session/7b46f400-be8e-6343-9d0c-bd0623978f65/elements {&quot;using&quot;: &quot;xpath&quot;, &quot;sessionId&quot;: &quot;7b46f400-be8e-6343-9d0c-bd0623978f65&quot;, &quot;value&quot;: &quot;//div[text() = '1951-03-19T04:23:00']&quot;}&#10;selenium.webdriver.remote.remote_connection: DEBUG: Finished Request&#10;selenium.webdriver.remote.remote_connection: DEBUG: POST http://127.0.0.1:61133/hub/session/7b46f400-be8e-6343-9d0c-bd0623978f65/elements {&quot;using&quot;: &quot;xpath&quot;, &quot;sessionId&quot;: &quot;7b46f400-be8e-6343-9d0c-bd0623978f65&quot;, &quot;value&quot;: &quot;//div[text() = '1951-03-19T04:23:00']&quot;}&#10;selenium.webdriver.remote.remote_connection: DEBUG: Finished Request&#10;selenium.webdriver.remote.remote_connection: DEBUG: POST http://127.0.0.1:61133/hub/session/7b46f400-be8e-6343-9d0c-bd0623978f65/elements {&quot;using&quot;: &quot;xpath&quot;, &quot;sessionId&quot;: &quot;7b46f400-be8e-6343-9d0c-bd0623978f65&quot;, &quot;value&quot;: &quot;//div[text() = '1951-03-19T04:23:00']&quot;}&#10;selenium.webdriver.remote.remote_connection: DEBUG: Finished Request&#10;selenium.webdriver.remote.remote_connection: DEBUG: POST http://127.0.0.1:61133/hub/session/7b46f400-be8e-6343-9d0c-bd0623978f65/elements {&quot;using&quot;: &quot;xpath&quot;, &quot;sessionId&quot;: &quot;7b46f400-be8e-6343-9d0c-bd0623978f65&quot;, &quot;value&quot;: &quot;//div[text() = '1951-03-19T04:23:00']&quot;}&#10;selenium.webdriver.remote.remote_connection: DEBUG: Finished Request&#10;selenium.webdriver.remote.remote_connection: DEBUG: POST http://127.0.0.1:61133/hub/session/7b46f400-be8e-6343-9d0c-bd0623978f65/elements {&quot;using&quot;: &quot;xpath&quot;, &quot;sessionId&quot;: &quot;7b46f400-be8e-6343-9d0c-bd0623978f65&quot;, &quot;value&quot;: &quot;//div[text() = '1951-03-19T04:23:00']&quot;}&#10;selenium.webdriver.remote.remote_connection: DEBUG: Finished Request&#10;selenium.webdriver.remote.remote_connection: DEBUG: POST http://127.0.0.1:61133/hub/session/7b46f400-be8e-6343-9d0c-bd0623978f65/elements {&quot;using&quot;: &quot;xpath&quot;, &quot;sessionId&quot;: &quot;7b46f400-be8e-6343-9d0c-bd0623978f65&quot;, &quot;value&quot;: &quot;//div[text() = '1951-03-19T04:23:00']&quot;}&#10;selenium.webdriver.remote.remote_connection: DEBUG: Finished Request&#10;selenium.webdriver.remote.remote_connection: DEBUG: POST http://127.0.0.1:61133/hub/session/7b46f400-be8e-6343-9d0c-bd0623978f65/elements {&quot;using&quot;: &quot;xpath&quot;, &quot;sessionId&quot;: &quot;7b46f400-be8e-6343-9d0c-bd0623978f65&quot;, &quot;value&quot;: &quot;//div[text() = '1951-03-19T04:23:00']&quot;}&#10;selenium.webdriver.remote.remote_connection: DEBUG: Finished Request&#10;selenium.webdriver.remote.remote_connection: DEBUG: POST http://127.0.0.1:61133/hub/session/7b46f400-be8e-6343-9d0c-bd0623978f65/elements {&quot;using&quot;: &quot;xpath&quot;, &quot;sessionId&quot;: &quot;7b46f400-be8e-6343-9d0c-bd0623978f65&quot;, &quot;value&quot;: &quot;//div[text() = '1951-03-19T04:23:00']&quot;}&#10;selenium.webdriver.remote.remote_connection: DEBUG: Finished Request&#10;selenium.webdriver.remote.remote_connection: DEBUG: POST http://127.0.0.1:61133/hub/session/7b46f400-be8e-6343-9d0c-bd0623978f65/elements {&quot;using&quot;: &quot;xpath&quot;, &quot;sessionId&quot;: &quot;7b46f400-be8e-6343-9d0c-bd0623978f65&quot;, &quot;value&quot;: &quot;//div[text() = '1951-03-19T04:23:00']&quot;}&#10;selenium.webdriver.remote.remote_connection: DEBUG: Finished Request&#10;selenium.webdriver.remote.remote_connection: DEBUG: POST http://127.0.0.1:61133/hub/session/7b46f400-be8e-6343-9d0c-bd0623978f65/elements {&quot;using&quot;: &quot;xpath&quot;, &quot;sessionId&quot;: &quot;7b46f400-be8e-6343-9d0c-bd0623978f65&quot;, &quot;value&quot;: &quot;//div[text() = '1951-03-19T04:23:00']&quot;}&#10;selenium.webdriver.remote.remote_connection: DEBUG: Finished Request&#10;selenium.webdriver.remote.remote_connection: DEBUG: POST http://127.0.0.1:61133/hub/session/7b46f400-be8e-6343-9d0c-bd0623978f65/elements {&quot;using&quot;: &quot;xpath&quot;, &quot;sessionId&quot;: &quot;7b46f400-be8e-6343-9d0c-bd0623978f65&quot;, &quot;value&quot;: &quot;//div[text() = '1951-03-19T04:23:00']&quot;}&#10;selenium.webdriver.remote.remote_connection: DEBUG: Finished Request&#10;selenium.webdriver.remote.remote_connection: DEBUG: POST http://127.0.0.1:61133/hub/session/7b46f400-be8e-6343-9d0c-bd0623978f65/elements {&quot;using&quot;: &quot;xpath&quot;, &quot;sessionId&quot;: &quot;7b46f400-be8e-6343-9d0c-bd0623978f65&quot;, &quot;value&quot;: &quot;//div[text() = '1951-03-19T04:23:00']&quot;}&#10;selenium.webdriver.remote.remote_connection: DEBUG: Finished Request&#10;selenium.webdriver.remote.remote_connection: DEBUG: POST http://127.0.0.1:61133/hub/session/7b46f400-be8e-6343-9d0c-bd0623978f65/elements {&quot;using&quot;: &quot;xpath&quot;, &quot;sessionId&quot;: &quot;7b46f400-be8e-6343-9d0c-bd0623978f65&quot;, &quot;value&quot;: &quot;//div[text() = '1951-03-19T04:23:00']&quot;}&#10;selenium.webdriver.remote.remote_connection: DEBUG: Finished Request&#10;selenium.webdriver.remote.remote_connection: DEBUG: POST http://127.0.0.1:61133/hub/session/7b46f400-be8e-6343-9d0c-bd0623978f65/elements {&quot;using&quot;: &quot;xpath&quot;, &quot;sessionId&quot;: &quot;7b46f400-be8e-6343-9d0c-bd0623978f65&quot;, &quot;value&quot;: &quot;//div[text() = '1951-03-19T04:23:00']&quot;}&#10;selenium.webdriver.remote.remote_connection: DEBUG: Finished Request&#10;selenium.webdriver.remote.remote_connection: DEBUG: POST http://127.0.0.1:61133/hub/session/7b46f400-be8e-6343-9d0c-bd0623978f65/elements {&quot;using&quot;: &quot;xpath&quot;, &quot;sessionId&quot;: &quot;7b46f400-be8e-6343-9d0c-bd0623978f65&quot;, &quot;value&quot;: &quot;//div[text() = '1951-03-19T04:23:00']&quot;}&#10;selenium.webdriver.remote.remote_connection: DEBUG: Finished Request&#10;selenium.webdriver.remote.remote_connection: DEBUG: POST http://127.0.0.1:61133/hub/session/7b46f400-be8e-6343-9d0c-bd0623978f65/elements {&quot;using&quot;: &quot;xpath&quot;, &quot;sessionId&quot;: &quot;7b46f400-be8e-6343-9d0c-bd0623978f65&quot;, &quot;value&quot;: &quot;//div[text() = '1951-03-19T04:23:00']&quot;}&#10;selenium.webdriver.remote.remote_connection: DEBUG: Finished Request&#10;selenium.webdriver.remote.remote_connection: DEBUG: POST http://127.0.0.1:61133/hub/session/7b46f400-be8e-6343-9d0c-bd0623978f65/elements {&quot;using&quot;: &quot;xpath&quot;, &quot;sessionId&quot;: &quot;7b46f400-be8e-6343-9d0c-bd0623978f65&quot;, &quot;value&quot;: &quot;//div[text() = '1951-03-19T04:23:00']&quot;}&#10;selenium.webdriver.remote.remote_connection: DEBUG: Finished Request&#10;selenium.webdriver.remote.remote_connection: DEBUG: POST http://127.0.0.1:61133/hub/session/7b46f400-be8e-6343-9d0c-bd0623978f65/elements {&quot;using&quot;: &quot;xpath&quot;, &quot;sessionId&quot;: &quot;7b46f400-be8e-6343-9d0c-bd0623978f65&quot;, &quot;value&quot;: &quot;//div[text() = '1951-03-19T04:23:00']&quot;}&#10;selenium.webdriver.remote.remote_connection: DEBUG: Finished Request&#10;selenium.webdriver.remote.remote_connection: DEBUG: POST http://127.0.0.1:61133/hub/session/7b46f400-be8e-6343-9d0c-bd0623978f65/elements {&quot;using&quot;: &quot;xpath&quot;, &quot;sessionId&quot;: &quot;7b46f400-be8e-6343-9d0c-bd0623978f65&quot;, &quot;value&quot;: &quot;//div[text() = '1951-03-19T04:23:00']&quot;}&#10;selenium.webdriver.remote.remote_connection: DEBUG: Finished Request&#10;selenium.webdriver.remote.remote_connection: DEBUG: POST http://127.0.0.1:61133/hub/session/7b46f400-be8e-6343-9d0c-bd0623978f65/elements {&quot;using&quot;: &quot;xpath&quot;, &quot;sessionId&quot;: &quot;7b46f400-be8e-6343-9d0c-bd0623978f65&quot;, &quot;value&quot;: &quot;//div[text() = '1951-03-19T04:23:00']&quot;}&#10;selenium.webdriver.remote.remote_connection: DEBUG: Finished Request&#10;selenium.webdriver.remote.remote_connection: DEBUG: POST http://127.0.0.1:61133/hub/session/7b46f400-be8e-6343-9d0c-bd0623978f65/elements {&quot;using&quot;: &quot;xpath&quot;, &quot;sessionId&quot;: &quot;7b46f400-be8e-6343-9d0c-bd0623978f65&quot;, &quot;value&quot;: &quot;//div[text() = '1951-03-19T04:23:00']&quot;}&#10;selenium.webdriver.remote.remote_connection: DEBUG: Finished Request&#10;selenium.webdriver.remote.remote_connection: DEBUG: POST http://127.0.0.1:61133/hub/session/7b46f400-be8e-6343-9d0c-bd0623978f65/elements {&quot;using&quot;: &quot;xpath&quot;, &quot;sessionId&quot;: &quot;7b46f400-be8e-6343-9d0c-bd0623978f65&quot;, &quot;value&quot;: &quot;//div[text() = '1951-03-19T04:23:00']&quot;}&#10;selenium.webdriver.remote.remote_connection: DEBUG: Finished Request&#10;selenium.webdriver.remote.remote_connection: DEBUG: POST http://127.0.0.1:61133/hub/session/7b46f400-be8e-6343-9d0c-bd0623978f65/elements {&quot;using&quot;: &quot;xpath&quot;, &quot;sessionId&quot;: &quot;7b46f400-be8e-6343-9d0c-bd0623978f65&quot;, &quot;value&quot;: &quot;//div[text() = '1951-03-19T04:23:00']&quot;}&#10;selenium.webdriver.remote.remote_connection: DEBUG: Finished Request&#10;selenium.webdriver.remote.remote_connection: DEBUG: POST http://127.0.0.1:61133/hub/session/7b46f400-be8e-6343-9d0c-bd0623978f65/elements {&quot;using&quot;: &quot;xpath&quot;, &quot;sessionId&quot;: &quot;7b46f400-be8e-6343-9d0c-bd0623978f65&quot;, &quot;value&quot;: &quot;//div[text() = '1951-03-19T04:23:00']&quot;}&#10;selenium.webdriver.remote.remote_connection: DEBUG: Finished Request&#10;selenium.webdriver.remote.remote_connection: DEBUG: POST http://127.0.0.1:61133/hub/session/7b46f400-be8e-6343-9d0c-bd0623978f65/elements {&quot;using&quot;: &quot;xpath&quot;, &quot;sessionId&quot;: &quot;7b46f400-be8e-6343-9d0c-bd0623978f65&quot;, &quot;value&quot;: &quot;//div[text() = '1951-03-19T04:23:00']&quot;}&#10;selenium.webdriver.remote.remote_connection: DEBUG: Finished Request&#10;selenium.webdriver.remote.remote_connection: DEBUG: POST http://127.0.0.1:61133/hub/session/7b46f400-be8e-6343-9d0c-bd0623978f65/elements {&quot;using&quot;: &quot;xpath&quot;, &quot;sessionId&quot;: &quot;7b46f400-be8e-6343-9d0c-bd0623978f65&quot;, &quot;value&quot;: &quot;//div[text() = '1951-03-19T04:23:00']&quot;}&#10;selenium.webdriver.remote.remote_connection: DEBUG: Finished Request&#10;selenium.webdriver.remote.remote_connection: DEBUG: POST http://127.0.0.1:61133/hub/session/7b46f400-be8e-6343-9d0c-bd0623978f65/elements {&quot;using&quot;: &quot;xpath&quot;, &quot;sessionId&quot;: &quot;7b46f400-be8e-6343-9d0c-bd0623978f65&quot;, &quot;value&quot;: &quot;//div[text() = '1951-03-19T04:23:00']&quot;}&#10;selenium.webdriver.remote.remote_connection: DEBUG: Finished Request&#10;selenium.webdriver.remote.remote_connection: DEBUG: POST http://127.0.0.1:61133/hub/session/7b46f400-be8e-6343-9d0c-bd0623978f65/elements {&quot;using&quot;: &quot;xpath&quot;, &quot;sessionId&quot;: &quot;7b46f400-be8e-6343-9d0c-bd0623978f65&quot;, &quot;value&quot;: &quot;//div[text() = '1951-03-19T04:23:00']&quot;}&#10;selenium.webdriver.remote.remote_connection: DEBUG: Finished Request&#10;--------------------- &gt;&gt; end captured logging &lt;&lt; ---------------------"><![CDATA[  File "/System/Library/Frameworks/Python.framework/Versions/2.7/lib/python2.7/unittest/case.py", line 331, in run
    testMethod()
  File "/Volumes/Data/Projects/oq-platform-vbox/openquakeplatform/openquakeplatform/test/isc_test.py", line 37, in isc_test
    popup_ctx = pla.xpath_finduniq("//div[text() = '1951-03-19T04:23:00']", 50, 0.1)
  File "/Volumes/Data/Projects/oq-platform-vbox/openquakeplatform/openquakeplatform/test/platform.py", line 126, in xpath_finduniq
    "Timeout waiting '{}' for {} seconds.".format(xpath_str, times * deltas)
'global name \'deltas\' is not defined\n-------------------- >> begin captured logging << --------------------\nselenium.webdriver.remote.remote_connection: DEBUG: POST http://127.0.0.1:61133/hub/session/7b46f400-be8e-6343-9d0c-bd0623978f65/elements {"using": "xpath", "sessionId": "7b46f400-be8e-6343-9d0c-bd0623978f65", "value": "//a[@href=\'/explore/\']"}\nselenium.webdriver.remote.remote_connection: DEBUG: Finished Request\nselenium.webdriver.remote.remote_connection: DEBUG: POST http://127.0.0.1:61133/hub/session/7b46f400-be8e-6343-9d0c-bd0623978f65/element/{5398d9f2-cf1b-d145-874f-0bb553ef7b92}/click {"sessionId": "7b46f400-be8e-6343-9d0c-bd0623978f65", "id": "{5398d9f2-cf1b-d145-874f-0bb553ef7b92}"}\nselenium.webdriver.remote.remote_connection: DEBUG: Finished Request\nselenium.webdriver.remote.remote_connection: DEBUG: POST http://127.0.0.1:61133/hub/session/7b46f400-be8e-6343-9d0c-bd0623978f65/element/{5398d9f2-cf1b-d145-874f-0bb553ef7b92}/elements {"using": "id", "sessionId": "7b46f400-be8e-6343-9d0c-bd0623978f65", "id": "{5398d9f2-cf1b-d145-874f-0bb553ef7b92}", "value": "doesnt-matter"}\nselenium.webdriver.remote.remote_connection: DEBUG: Finished Request\nselenium.webdriver.remote.remote_connection: DEBUG: GET http://127.0.0.1:61133/hub/session/7b46f400-be8e-6343-9d0c-bd0623978f65/url {"sessionId": "7b46f400-be8e-6343-9d0c-bd0623978f65"}\nselenium.webdriver.remote.remote_connection: DEBUG: Finished Request\nselenium.webdriver.remote.remote_connection: DEBUG: GET http://127.0.0.1:61133/hub/session/7b46f400-be8e-6343-9d0c-bd0623978f65/url {"sessionId": "7b46f400-be8e-6343-9d0c-bd0623978f65"}\nselenium.webdriver.remote.remote_connection: DEBUG: Finished Request\nselenium.webdriver.remote.remote_connection: DEBUG: POST http://127.0.0.1:61133/hub/session/7b46f400-be8e-6343-9d0c-bd0623978f65/elements {"using": "xpath", "sessionId": "7b46f400-be8e-6343-9d0c-bd0623978f65", "value": "//li/a[@href=\'/maps/23\' and normalize-space(text()) = \'Global Instrumental Earthquake Catalogue (1900 - 2009)\']"}\nselenium.webdriver.remote.remote_connection: DEBUG: Finished Request\nselenium.webdriver.remote.remote_connection: DEBUG: POST http://127.0.0.1:61133/hub/session/7b46f400-be8e-6343-9d0c-bd0623978f65/element/{44dead7f-dd22-c343-ad98-54e27b5ac033}/click {"sessionId": "7b46f400-be8e-6343-9d0c-bd0623978f65", "id": "{44dead7f-dd22-c343-ad98-54e27b5ac033}"}\nselenium.webdriver.remote.remote_connection: DEBUG: Finished Request\nselenium.webdriver.remote.remote_connection: DEBUG: POST http://127.0.0.1:61133/hub/session/7b46f400-be8e-6343-9d0c-bd0623978f65/element/{44dead7f-dd22-c343-ad98-54e27b5ac033}/elements {"using": "id", "sessionId": "7b46f400-be8e-6343-9d0c-bd0623978f65", "id": "{44dead7f-dd22-c343-ad98-54e27b5ac033}", "value": "doesnt-matter"}\nselenium.webdriver.remote.remote_connection: DEBUG: Finished Request\nselenium.webdriver.remote.remote_connection: DEBUG: GET http://127.0.0.1:61133/hub/session/7b46f400-be8e-6343-9d0c-bd0623978f65/url {"sessionId": "7b46f400-be8e-6343-9d0c-bd0623978f65"}\nselenium.webdriver.remote.remote_connection: DEBUG: Finished Request\nselenium.webdriver.remote.remote_connection: DEBUG: GET http://127.0.0.1:61133/hub/session/7b46f400-be8e-6343-9d0c-bd0623978f65/url {"sessionId": "7b46f400-be8e-6343-9d0c-bd0623978f65"}\nselenium.webdriver.remote.remote_connection: DEBUG: Finished Request\nselenium.webdriver.remote.remote_connection: DEBUG: POST http://127.0.0.1:61133/hub/session/7b46f400-be8e-6343-9d0c-bd0623978f65/elements {"using": "xpath", "sessionId": "7b46f400-be8e-6343-9d0c-bd0623978f65", "value": "//a[@href=\'/maps/23/view\' and normalize-space(text()) = \'View Map\']"}\nselenium.webdriver.remote.remote_connection: DEBUG: Finished Request\nselenium.webdriver.remote.remote_connection: DEBUG: POST http://127.0.0.1:61133/hub/session/7b46f400-be8e-6343-9d0c-bd0623978f65/element/{244869f5-d435-a148-8022-612de12d5724}/click {"sessionId": "7b46f400-be8e-6343-9d0c-bd0623978f65", "id": "{244869f5-d435-a148-8022-612de12d5724}"}\nselenium.webdriver.remote.remote_connection: DEBUG: Finished Request\nselenium.webdriver.remote.remote_connection: DEBUG: POST http://127.0.0.1:61133/hub/session/7b46f400-be8e-6343-9d0c-bd0623978f65/element/{244869f5-d435-a148-8022-612de12d5724}/elements {"using": "id", "sessionId": "7b46f400-be8e-6343-9d0c-bd0623978f65", "id": "{244869f5-d435-a148-8022-612de12d5724}", "value": "doesnt-matter"}\nselenium.webdriver.remote.remote_connection: DEBUG: Finished Request\nselenium.webdriver.remote.remote_connection: DEBUG: GET http://127.0.0.1:61133/hub/session/7b46f400-be8e-6343-9d0c-bd0623978f65/url {"sessionId": "7b46f400-be8e-6343-9d0c-bd0623978f65"}\nselenium.webdriver.remote.remote_connection: DEBUG: Finished Request\nselenium.webdriver.remote.remote_connection: DEBUG: GET http://127.0.0.1:61133/hub/session/7b46f400-be8e-6343-9d0c-bd0623978f65/url {"sessionId": "7b46f400-be8e-6343-9d0c-bd0623978f65"}\nselenium.webdriver.remote.remote_connection: DEBUG: Finished Request\nselenium.webdriver.remote.remote_connection: DEBUG: POST http://127.0.0.1:61133/hub/session/7b46f400-be8e-6343-9d0c-bd0623978f65/elements {"using": "xpath", "sessionId": "7b46f400-be8e-6343-9d0c-bd0623978f65", "value": "//button[@type=\'button\' and normalize-space(text()) = \'Identify\']"}\nselenium.webdriver.remote.remote_connection: DEBUG: Finished Request\nselenium.webdriver.remote.remote_connection: DEBUG: POST http://127.0.0.1:61133/hub/session/7b46f400-be8e-6343-9d0c-bd0623978f65/element/{073c477f-682a-534a-8dd9-a4ab62c2f21b}/click {"sessionId": "7b46f400-be8e-6343-9d0c-bd0623978f65", "id": "{073c477f-682a-534a-8dd9-a4ab62c2f21b}"}\nselenium.webdriver.remote.remote_connection: DEBUG: Finished Request\nselenium.webdriver.remote.remote_connection: DEBUG: POST http://127.0.0.1:61133/hub/session/7b46f400-be8e-6343-9d0c-bd0623978f65/elements {"using": "xpath", "sessionId": "7b46f400-be8e-6343-9d0c-bd0623978f65", "value": "//img[contains(@src, \'wms?LAYERS=oqplatform%3Aisc_viewer_measure&FORMAT=image%2Fpng&TRANSPARENT=TRUE&SERVICE=WMS&VERSION=1.1.1&REQUEST=GetMap&STYLES=&TILED=true&SRS=EPSG%3A900913&BBOX=-10018754.17,0,-5009377.085,5009377.085&WIDTH=256&HEIGHT=256\')]"}\nselenium.webdriver.remote.remote_connection: DEBUG: Finished Request\nselenium.webdriver.remote.remote_connection: DEBUG: POST http://127.0.0.1:61133/hub/session/7b46f400-be8e-6343-9d0c-bd0623978f65/elements {"using": "xpath", "sessionId": "7b46f400-be8e-6343-9d0c-bd0623978f65", "value": "//img[contains(@src, \'wms?LAYERS=oqplatform%3Aisc_viewer_measure&FORMAT=image%2Fpng&TRANSPARENT=TRUE&SERVICE=WMS&VERSION=1.1.1&REQUEST=GetMap&STYLES=&TILED=true&SRS=EPSG%3A900913&BBOX=-10018754.17,0,-5009377.085,5009377.085&WIDTH=256&HEIGHT=256\')]"}\nselenium.webdriver.remote.remote_connection: DEBUG: Finished Request\nselenium.webdriver.remote.remote_connection: DEBUG: POST http://127.0.0.1:61133/hub/session/7b46f400-be8e-6343-9d0c-bd0623978f65/elements {"using": "xpath", "sessionId": "7b46f400-be8e-6343-9d0c-bd0623978f65", "value": "//img[contains(@src, \'wms?LAYERS=oqplatform%3Aisc_viewer_measure&FORMAT=image%2Fpng&TRANSPARENT=TRUE&SERVICE=WMS&VERSION=1.1.1&REQUEST=GetMap&STYLES=&TILED=true&SRS=EPSG%3A900913&BBOX=-10018754.17,0,-5009377.085,5009377.085&WIDTH=256&HEIGHT=256\')]"}\nselenium.webdriver.remote.remote_connection: DEBUG: Finished Request\nselenium.webdriver.remote.remote_connection: DEBUG: POST http://127.0.0.1:61133/hub/session/7b46f400-be8e-6343-9d0c-bd0623978f65/execute {"sessionId": "7b46f400-be8e-6343-9d0c-bd0623978f65", "args": [], "script": "\\n\\n    pla_click_show = function (x,y) {\\n        var div = document.createElement(\\"div\\");\\n        div.style.left = x+\\"px\\";\\n        div.style.top  = y+\\"px\\";\\n        div.style.position = \\"fixed\\";\\n        div.style.width = \\"50px\\";\\n        div.style.height = \\"50px\\";\\n        div.style.background = \\"red\\";\\n        div.style.opacity = \\"0.5\\";\\n        document.body.appendChild(div);\\n    };\\n\\n    pla_click = function (x,y){\\n        var ev = document.createEvent(\\"MouseEvent\\");\\n        var el = document.elementFromPoint(x,y);\\n        console.log(x,y);\\n        ev.initMouseEvent(\\n            \\"click\\",\\n            true /* bubble */, true /* cancelable */,\\n            window, null,\\n            x, y, x, y, /* coordinates */\\n            false, false, false, false, /* modifier keys */\\n            0 /*left*/, null\\n        );\\n        el.dispatchEvent(ev);\\n\\n        // pla_click_show(x,y);\\n    };\\n\\n    pla_click_doc = function (x,y){\\n        var ev = document.createEvent(\\"MouseEvent\\");\\n        ev.initMouseEvent(\\n            \\"click\\",\\n            true /* bubble */, true /* cancelable */,\\n            window, null,\\n            x, y, 0, 0, /* coordinates */\\n            false, false, false, false, /* modifier keys */\\n            0 /*left*/, null\\n        );\\n        document.getElementsByTagName(\\"html\\")[0].dispatchEvent(ev);\\n\\n        pla_click_show(x,y);\\n    };\\n\\n    "}\nselenium.webdriver.remote.remote_connection: DEBUG: Finished Request\nselenium.webdriver.remote.remote_connection: DEBUG: GET http://127.0.0.1:61133/hub/session/7b46f400-be8e-6343-9d0c-bd0623978f65/element/{7d58214f-aba0-0446-8b71-ed5eab879aee}/location {"sessionId": "7b46f400-be8e-6343-9d0c-bd0623978f65", "id": "{7d58214f-aba0-0446-8b71-ed5eab879aee}"}\nselenium.webdriver.remote.remote_connection: DEBUG: Finished Request\nselenium.webdriver.remote.remote_connection: DEBUG: GET http://127.0.0.1:61133/hub/session/7b46f400-be8e-6343-9d0c-bd0623978f65/element/{7d58214f-aba0-0446-8b71-ed5eab879aee}/location {"sessionId": "7b46f400-be8e-6343-9d0c-bd0623978f65", "id": "{7d58214f-aba0-0446-8b71-ed5eab879aee}"}\nselenium.webdriver.remote.remote_connection: DEBUG: Finished Request\nselenium.webdriver.remote.remote_connection: DEBUG: POST http://127.0.0.1:61133/hub/session/7b46f400-be8e-6343-9d0c-bd0623978f65/execute {"sessionId": "7b46f400-be8e-6343-9d0c-bd0623978f65", "args": [], "script": "pla_click(718, 392);"}\nselenium.webdriver.remote.remote_connection: DEBUG: Finished Request\nselenium.webdriver.remote.remote_connection: DEBUG: POST http://127.0.0.1:61133/hub/session/7b46f400-be8e-6343-9d0c-bd0623978f65/elements {"using": "xpath", "sessionId": "7b46f400-be8e-6343-9d0c-bd0623978f65", "value": "//div[text() = \'1951-03-19T04:23:00\']"}\nselenium.webdriver.remote.remote_connection: DEBUG: Finished Request\nselenium.webdriver.remote.remote_connection: DEBUG: POST http://127.0.0.1:61133/hub/session/7b46f400-be8e-6343-9d0c-bd0623978f65/elements {"using": "xpath", "sessionId": "7b46f400-be8e-6343-9d0c-bd0623978f65", "value": "//div[text() = \'1951-03-19T04:23:00\']"}\nselenium.webdriver.remote.remote_connection: DEBUG: Finished Request\nselenium.webdriver.remote.remote_connection: DEBUG: POST http://127.0.0.1:61133/hub/session/7b46f400-be8e-6343-9d0c-bd0623978f65/elements {"using": "xpath", "sessionId": "7b46f400-be8e-6343-9d0c-bd0623978f65", "value": "//div[text() = \'1951-03-19T04:23:00\']"}\nselenium.webdriver.remote.remote_connection: DEBUG: Finished Request\nselenium.webdriver.remote.remote_connection: DEBUG: POST http://127.0.0.1:61133/hub/session/7b46f400-be8e-6343-9d0c-bd0623978f65/elements {"using": "xpath", "sessionId": "7b46f400-be8e-6343-9d0c-bd0623978f65", "value": "//div[text() = \'1951-03-19T04:23:00\']"}\nselenium.webdriver.remote.remote_connection: DEBUG: Finished Request\nselenium.webdriver.remote.remote_connection: DEBUG: POST http://127.0.0.1:61133/hub/session/7b46f400-be8e-6343-9d0c-bd0623978f65/elements {"using": "xpath", "sessionId": "7b46f400-be8e-6343-9d0c-bd0623978f65", "value": "//div[text() = \'1951-03-19T04:23:00\']"}\nselenium.webdriver.remote.remote_connection: DEBUG: Finished Request\nselenium.webdriver.remote.remote_connection: DEBUG: POST http://127.0.0.1:61133/hub/session/7b46f400-be8e-6343-9d0c-bd0623978f65/elements {"using": "xpath", "sessionId": "7b46f400-be8e-6343-9d0c-bd0623978f65", "value": "//div[text() = \'1951-03-19T04:23:00\']"}\nselenium.webdriver.remote.remote_connection: DEBUG: Finished Request\nselenium.webdriver.remote.remote_connection: DEBUG: POST http://127.0.0.1:61133/hub/session/7b46f400-be8e-6343-9d0c-bd0623978f65/elements {"using": "xpath", "sessionId": "7b46f400-be8e-6343-9d0c-bd0623978f65", "value": "//div[text() = \'1951-03-19T04:23:00\']"}\nselenium.webdriver.remote.remote_connection: DEBUG: Finished Request\nselenium.webdriver.remote.remote_connection: DEBUG: POST http://127.0.0.1:61133/hub/session/7b46f400-be8e-6343-9d0c-bd0623978f65/elements {"using": "xpath", "sessionId": "7b46f400-be8e-6343-9d0c-bd0623978f65", "value": "//div[text() = \'1951-03-19T04:23:00\']"}\nselenium.webdriver.remote.remote_connection: DEBUG: Finished Request\nselenium.webdriver.remote.remote_connection: DEBUG: POST http://127.0.0.1:61133/hub/session/7b46f400-be8e-6343-9d0c-bd0623978f65/elements {"using": "xpath", "sessionId": "7b46f400-be8e-6343-9d0c-bd0623978f65", "value": "//div[text() = \'1951-03-19T04:23:00\']"}\nselenium.webdriver.remote.remote_connection: DEBUG: Finished Request\nselenium.webdriver.remote.remote_connection: DEBUG: POST http://127.0.0.1:61133/hub/session/7b46f400-be8e-6343-9d0c-bd0623978f65/elements {"using": "xpath", "sessionId": "7b46f400-be8e-6343-9d0c-bd0623978f65", "value": "//div[text() = \'1951-03-19T04:23:00\']"}\nselenium.webdriver.remote.remote_connection: DEBUG: Finished Request\nselenium.webdriver.remote.remote_connection: DEBUG: POST http://127.0.0.1:61133/hub/session/7b46f400-be8e-6343-9d0c-bd0623978f65/elements {"using": "xpath", "sessionId": "7b46f400-be8e-6343-9d0c-bd0623978f65", "value": "//div[text() = \'1951-03-19T04:23:00\']"}\nselenium.webdriver.remote.remote_connection: DEBUG: Finished Request\nselenium.webdriver.remote.remote_connection: DEBUG: POST http://127.0.0.1:61133/hub/session/7b46f400-be8e-6343-9d0c-bd0623978f65/elements {"using": "xpath", "sessionId": "7b46f400-be8e-6343-9d0c-bd0623978f65", "value": "//div[text() = \'1951-03-19T04:23:00\']"}\nselenium.webdriver.remote.remote_connection: DEBUG: Finished Request\nselenium.webdriver.remote.remote_connection: DEBUG: POST http://127.0.0.1:61133/hub/session/7b46f400-be8e-6343-9d0c-bd0623978f65/elements {"using": "xpath", "sessionId": "7b46f400-be8e-6343-9d0c-bd0623978f65", "value": "//div[text() = \'1951-03-19T04:23:00\']"}\nselenium.webdriver.remote.remote_connection: DEBUG: Finished Request\nselenium.webdriver.remote.remote_connection: DEBUG: POST http://127.0.0.1:61133/hub/session/7b46f400-be8e-6343-9d0c-bd0623978f65/elements {"using": "xpath", "sessionId": "7b46f400-be8e-6343-9d0c-bd0623978f65", "value": "//div[text() = \'1951-03-19T04:23:00\']"}\nselenium.webdriver.remote.remote_connection: DEBUG: Finished Request\nselenium.webdriver.remote.remote_connection: DEBUG: POST http://127.0.0.1:61133/hub/session/7b46f400-be8e-6343-9d0c-bd0623978f65/elements {"using": "xpath", "sessionId": "7b46f400-be8e-6343-9d0c-bd0623978f65", "value": "//div[text() = \'1951-03-19T04:23:00\']"}\nselenium.webdriver.remote.remote_connection: DEBUG: Finished Request\nselenium.webdriver.remote.remote_connection: DEBUG: POST http://127.0.0.1:61133/hub/session/7b46f400-be8e-6343-9d0c-bd0623978f65/elements {"using": "xpath", "sessionId": "7b46f400-be8e-6343-9d0c-bd0623978f65", "value": "//div[text() = \'1951-03-19T04:23:00\']"}\nselenium.webdriver.remote.remote_connection: DEBUG: Finished Request\nselenium.webdriver.remote.remote_connection: DEBUG: POST http://127.0.0.1:61133/hub/session/7b46f400-be8e-6343-9d0c-bd0623978f65/elements {"using": "xpath", "sessionId": "7b46f400-be8e-6343-9d0c-bd0623978f65", "value": "//div[text() = \'1951-03-19T04:23:00\']"}\nselenium.webdriver.remote.remote_connection: DEBUG: Finished Request\nselenium.webdriver.remote.remote_connection: DEBUG: POST http://127.0.0.1:61133/hub/session/7b46f400-be8e-6343-9d0c-bd0623978f65/elements {"using": "xpath", "sessionId": "7b46f400-be8e-6343-9d0c-bd0623978f65", "value": "//div[text() = \'1951-03-19T04:23:00\']"}\nselenium.webdriver.remote.remote_connection: DEBUG: Finished Request\nselenium.webdriver.remote.remote_connection: DEBUG: POST http://127.0.0.1:61133/hub/session/7b46f400-be8e-6343-9d0c-bd0623978f65/elements {"using": "xpath", "sessionId": "7b46f400-be8e-6343-9d0c-bd0623978f65", "value": "//div[text() = \'1951-03-19T04:23:00\']"}\nselenium.webdriver.remote.remote_connection: DEBUG: Finished Request\nselenium.webdriver.remote.remote_connection: DEBUG: POST http://127.0.0.1:61133/hub/session/7b46f400-be8e-6343-9d0c-bd0623978f65/elements {"using": "xpath", "sessionId": "7b46f400-be8e-6343-9d0c-bd0623978f65", "value": "//div[text() = \'1951-03-19T04:23:00\']"}\nselenium.webdriver.remote.remote_connection: DEBUG: Finished Request\nselenium.webdriver.remote.remote_connection: DEBUG: POST http://127.0.0.1:61133/hub/session/7b46f400-be8e-6343-9d0c-bd0623978f65/elements {"using": "xpath", "sessionId": "7b46f400-be8e-6343-9d0c-bd0623978f65", "value": "//div[text() = \'1951-03-19T04:23:00\']"}\nselenium.webdriver.remote.remote_connection: DEBUG: Finished Request\nselenium.webdriver.remote.remote_connection: DEBUG: POST http://127.0.0.1:61133/hub/session/7b46f400-be8e-6343-9d0c-bd0623978f65/elements {"using": "xpath", "sessionId": "7b46f400-be8e-6343-9d0c-bd0623978f65", "value": "//div[text() = \'1951-03-19T04:23:00\']"}\nselenium.webdriver.remote.remote_connection: DEBUG: Finished Request\nselenium.webdriver.remote.remote_connection: DEBUG: POST http://127.0.0.1:61133/hub/session/7b46f400-be8e-6343-9d0c-bd0623978f65/elements {"using": "xpath", "sessionId": "7b46f400-be8e-6343-9d0c-bd0623978f65", "value": "//div[text() = \'1951-03-19T04:23:00\']"}\nselenium.webdriver.remote.remote_connection: DEBUG: Finished Request\nselenium.webdriver.remote.remote_connection: DEBUG: POST http://127.0.0.1:61133/hub/session/7b46f400-be8e-6343-9d0c-bd0623978f65/elements {"using": "xpath", "sessionId": "7b46f400-be8e-6343-9d0c-bd0623978f65", "value": "//div[text() = \'1951-03-19T04:23:00\']"}\nselenium.webdriver.remote.remote_connection: DEBUG: Finished Request\nselenium.webdriver.remote.remote_connection: DEBUG: POST http://127.0.0.1:61133/hub/session/7b46f400-be8e-6343-9d0c-bd0623978f65/elements {"using": "xpath", "sessionId": "7b46f400-be8e-6343-9d0c-bd0623978f65", "value": "//div[text() = \'1951-03-19T04:23:00\']"}\nselenium.webdriver.remote.remote_connection: DEBUG: Finished Request\nselenium.webdriver.remote.remote_connection: DEBUG: POST http://127.0.0.1:61133/hub/session/7b46f400-be8e-6343-9d0c-bd0623978f65/elements {"using": "xpath", "sessionId": "7b46f400-be8e-6343-9d0c-bd0623978f65", "value": "//div[text() = \'1951-03-19T04:23:00\']"}\nselenium.webdriver.remote.remote_connection: DEBUG: Finished Request\nselenium.webdriver.remote.remote_connection: DEBUG: POST http://127.0.0.1:61133/hub/session/7b46f400-be8e-6343-9d0c-bd0623978f65/elements {"using": "xpath", "sessionId": "7b46f400-be8e-6343-9d0c-bd0623978f65", "value": "//div[text() = \'1951-03-19T04:23:00\']"}\nselenium.webdriver.remote.remote_connection: DEBUG: Finished Request\nselenium.webdriver.remote.remote_connection: DEBUG: POST http://127.0.0.1:61133/hub/session/7b46f400-be8e-6343-9d0c-bd0623978f65/elements {"using": "xpath", "sessionId": "7b46f400-be8e-6343-9d0c-bd0623978f65", "value": "//div[text() = \'1951-03-19T04:23:00\']"}\nselenium.webdriver.remote.remote_connection: DEBUG: Finished Request\nselenium.webdriver.remote.remote_connection: DEBUG: POST http://127.0.0.1:61133/hub/session/7b46f400-be8e-6343-9d0c-bd0623978f65/elements {"using": "xpath", "sessionId": "7b46f400-be8e-6343-9d0c-bd0623978f65", "value": "//div[text() = \'1951-03-19T04:23:00\']"}\nselenium.webdriver.remote.remote_connection: DEBUG: Finished Request\nselenium.webdriver.remote.remote_connection: DEBUG: POST http://127.0.0.1:61133/hub/session/7b46f400-be8e-6343-9d0c-bd0623978f65/elements {"using": "xpath", "sessionId": "7b46f400-be8e-6343-9d0c-bd0623978f65", "value": "//div[text() = \'1951-03-19T04:23:00\']"}\nselenium.webdriver.remote.remote_connection: DEBUG: Finished Request\nselenium.webdriver.remote.remote_connection: DEBUG: POST http://127.0.0.1:61133/hub/session/7b46f400-be8e-6343-9d0c-bd0623978f65/elements {"using": "xpath", "sessionId": "7b46f400-be8e-6343-9d0c-bd0623978f65", "value": "//div[text() = \'1951-03-19T04:23:00\']"}\nselenium.webdriver.remote.remote_connection: DEBUG: Finished Request\nselenium.webdriver.remote.remote_connection: DEBUG: POST http://127.0.0.1:61133/hub/session/7b46f400-be8e-6343-9d0c-bd0623978f65/elements {"using": "xpath", "sessionId": "7b46f400-be8e-6343-9d0c-bd0623978f65", "value": "//div[text() = \'1951-03-19T04:23:00\']"}\nselenium.webdriver.remote.remote_connection: DEBUG: Finished Request\nselenium.webdriver.remote.remote_connection: DEBUG: POST http://127.0.0.1:61133/hub/session/7b46f400-be8e-6343-9d0c-bd0623978f65/elements {"using": "xpath", "sessionId": "7b46f400-be8e-6343-9d0c-bd0623978f65", "value": "//div[text() = \'1951-03-19T04:23:00\']"}\nselenium.webdriver.remote.remote_connection: DEBUG: Finished Request\nselenium.webdriver.remote.remote_connection: DEBUG: POST http://127.0.0.1:61133/hub/session/7b46f400-be8e-6343-9d0c-bd0623978f65/elements {"using": "xpath", "sessionId": "7b46f400-be8e-6343-9d0c-bd0623978f65", "value": "//div[text() = \'1951-03-19T04:23:00\']"}\nselenium.webdriver.remote.remote_connection: DEBUG: Finished Request\nselenium.webdriver.remote.remote_connection: DEBUG: POST http://127.0.0.1:61133/hub/session/7b46f400-be8e-6343-9d0c-bd0623978f65/elements {"using": "xpath", "sessionId": "7b46f400-be8e-6343-9d0c-bd0623978f65", "value": "//div[text() = \'1951-03-19T04:23:00\']"}\nselenium.webdriver.remote.remote_connection: DEBUG: Finished Request\nselenium.webdriver.remote.remote_connection: DEBUG: POST http://127.0.0.1:61133/hub/session/7b46f400-be8e-6343-9d0c-bd0623978f65/elements {"using": "xpath", "sessionId": "7b46f400-be8e-6343-9d0c-bd0623978f65", "value": "//div[text() = \'1951-03-19T04:23:00\']"}\nselenium.webdriver.remote.remote_connection: DEBUG: Finished Request\nselenium.webdriver.remote.remote_connection: DEBUG: POST http://127.0.0.1:61133/hub/session/7b46f400-be8e-6343-9d0c-bd0623978f65/elements {"using": "xpath", "sessionId": "7b46f400-be8e-6343-9d0c-bd0623978f65", "value": "//div[text() = \'1951-03-19T04:23:00\']"}\nselenium.webdriver.remote.remote_connection: DEBUG: Finished Request\nselenium.webdriver.remote.remote_connection: DEBUG: POST http://127.0.0.1:61133/hub/session/7b46f400-be8e-6343-9d0c-bd0623978f65/elements {"using": "xpath", "sessionId": "7b46f400-be8e-6343-9d0c-bd0623978f65", "value": "//div[text() = \'1951-03-19T04:23:00\']"}\nselenium.webdriver.remote.remote_connection: DEBUG: Finished Request\nselenium.webdriver.remote.remote_connection: DEBUG: POST http://127.0.0.1:61133/hub/session/7b46f400-be8e-6343-9d0c-bd0623978f65/elements {"using": "xpath", "sessionId": "7b46f400-be8e-6343-9d0c-bd0623978f65", "value": "//div[text() = \'1951-03-19T04:23:00\']"}\nselenium.webdriver.remote.remote_connection: DEBUG: Finished Request\nselenium.webdriver.remote.remote_connection: DEBUG: POST http://127.0.0.1:61133/hub/session/7b46f400-be8e-6343-9d0c-bd0623978f65/elements {"using": "xpath", "sessionId": "7b46f400-be8e-6343-9d0c-bd0623978f65", "value": "//div[text() = \'1951-03-19T04:23:00\']"}\nselenium.webdriver.remote.remote_connection: DEBUG: Finished Request\nselenium.webdriver.remote.remote_connection: DEBUG: POST http://127.0.0.1:61133/hub/session/7b46f400-be8e-6343-9d0c-bd0623978f65/elements {"using": "xpath", "sessionId": "7b46f400-be8e-6343-9d0c-bd0623978f65", "value": "//div[text() = \'1951-03-19T04:23:00\']"}\nselenium.webdriver.remote.remote_connection: DEBUG: Finished Request\nselenium.webdriver.remote.remote_connection: DEBUG: POST http://127.0.0.1:61133/hub/session/7b46f400-be8e-6343-9d0c-bd0623978f65/elements {"using": "xpath", "sessionId": "7b46f400-be8e-6343-9d0c-bd0623978f65", "value": "//div[text() = \'1951-03-19T04:23:00\']"}\nselenium.webdriver.remote.remote_connection: DEBUG: Finished Request\nselenium.webdriver.remote.remote_connection: DEBUG: POST http://127.0.0.1:61133/hub/session/7b46f400-be8e-6343-9d0c-bd0623978f65/elements {"using": "xpath", "sessionId": "7b46f400-be8e-6343-9d0c-bd0623978f65", "value": "//div[text() = \'1951-03-19T04:23:00\']"}\nselenium.webdriver.remote.remote_connection: DEBUG: Finished Request\nselenium.webdriver.remote.remote_connection: DEBUG: POST http://127.0.0.1:61133/hub/session/7b46f400-be8e-6343-9d0c-bd0623978f65/elements {"using": "xpath", "sessionId": "7b46f400-be8e-6343-9d0c-bd0623978f65", "value": "//div[text() = \'1951-03-19T04:23:00\']"}\nselenium.webdriver.remote.remote_connection: DEBUG: Finished Request\nselenium.webdriver.remote.remote_connection: DEBUG: POST http://127.0.0.1:61133/hub/session/7b46f400-be8e-6343-9d0c-bd0623978f65/elements {"using": "xpath", "sessionId": "7b46f400-be8e-6343-9d0c-bd0623978f65", "value": "//div[text() = \'1951-03-19T04:23:00\']"}\nselenium.webdriver.remote.remote_connection: DEBUG: Finished Request\nselenium.webdriver.remote.remote_connection: DEBUG: POST http://127.0.0.1:61133/hub/session/7b46f400-be8e-6343-9d0c-bd0623978f65/elements {"using": "xpath", "sessionId": "7b46f400-be8e-6343-9d0c-bd0623978f65", "value": "//div[text() = \'1951-03-19T04:23:00\']"}\nselenium.webdriver.remote.remote_connection: DEBUG: Finished Request\nselenium.webdriver.remote.remote_connection: DEBUG: POST http://127.0.0.1:61133/hub/session/7b46f400-be8e-6343-9d0c-bd0623978f65/elements {"using": "xpath", "sessionId": "7b46f400-be8e-6343-9d0c-bd0623978f65", "value": "//div[text() = \'1951-03-19T04:23:00\']"}\nselenium.webdriver.remote.remote_connection: DEBUG: Finished Request\nselenium.webdriver.remote.remote_connection: DEBUG: POST http://127.0.0.1:61133/hub/session/7b46f400-be8e-6343-9d0c-bd0623978f65/elements {"using": "xpath", "sessionId": "7b46f400-be8e-6343-9d0c-bd0623978f65", "value": "//div[text() = \'1951-03-19T04:23:00\']"}\nselenium.webdriver.remote.remote_connection: DEBUG: Finished Request\nselenium.webdriver.remote.remote_connection: DEBUG: POST http://127.0.0.1:61133/hub/session/7b46f400-be8e-6343-9d0c-bd0623978f65/elements {"using": "xpath", "sessionId": "7b46f400-be8e-6343-9d0c-bd0623978f65", "value": "//div[text() = \'1951-03-19T04:23:00\']"}\nselenium.webdriver.remote.remote_connection: DEBUG: Finished Request\nselenium.webdriver.remote.remote_connection: DEBUG: POST http://127.0.0.1:61133/hub/session/7b46f400-be8e-6343-9d0c-bd0623978f65/elements {"using": "xpath", "sessionId": "7b46f400-be8e-6343-9d0c-bd0623978f65", "value": "//div[text() = \'1951-03-19T04:23:00\']"}\nselenium.webdriver.remote.remote_connection: DEBUG: Finished Request\n--------------------- >> end captured logging << ---------------------']]></error></testcase><testcase classname="openquakeplatform.test.vulnerability_test.VulnerabilityTest" name="vulnerability_test" time="18.232"><error type="exceptions.NameError" message="global name 'deltas' is not defined&#10;-------------------- &gt;&gt; begin captured logging &lt;&lt; --------------------&#10;selenium.webdriver.remote.remote_connection: DEBUG: POST http://127.0.0.1:61133/hub/session/7b46f400-be8e-6343-9d0c-bd0623978f65/url {&quot;url&quot;: &quot;http://192.168.56.10:8000/static/jasmine/vulnerabilityTests.html&quot;, &quot;sessionId&quot;: &quot;7b46f400-be8e-6343-9d0c-bd0623978f65&quot;}&#10;selenium.webdriver.remote.remote_connection: DEBUG: Finished Request&#10;selenium.webdriver.remote.remote_connection: DEBUG: POST http://127.0.0.1:61133/hub/session/7b46f400-be8e-6343-9d0c-bd0623978f65/elements {&quot;using&quot;: &quot;xpath&quot;, &quot;sessionId&quot;: &quot;7b46f400-be8e-6343-9d0c-bd0623978f65&quot;, &quot;value&quot;: &quot;//div[@class='jasmine_html-reporter']/div[@class='results']/div[@class='summary']&quot;}&#10;selenium.webdriver.remote.remote_connection: DEBUG: Finished Request&#10;selenium.webdriver.remote.remote_connection: DEBUG: POST http://127.0.0.1:61133/hub/session/7b46f400-be8e-6343-9d0c-bd0623978f65/elements {&quot;using&quot;: &quot;xpath&quot;, &quot;sessionId&quot;: &quot;7b46f400-be8e-6343-9d0c-bd0623978f65&quot;, &quot;value&quot;: &quot;//div[@class='jasmine_html-reporter']/div[@class='results']/div[@class='summary']&quot;}&#10;selenium.webdriver.remote.remote_connection: DEBUG: Finished Request&#10;selenium.webdriver.remote.remote_connection: DEBUG: POST http://127.0.0.1:61133/hub/session/7b46f400-be8e-6343-9d0c-bd0623978f65/elements {&quot;using&quot;: &quot;xpath&quot;, &quot;sessionId&quot;: &quot;7b46f400-be8e-6343-9d0c-bd0623978f65&quot;, &quot;value&quot;: &quot;//div[@class='jasmine_html-reporter']/div[@class='results']/div[@class='summary']&quot;}&#10;selenium.webdriver.remote.remote_connection: DEBUG: Finished Request&#10;selenium.webdriver.remote.remote_connection: DEBUG: POST http://127.0.0.1:61133/hub/session/7b46f400-be8e-6343-9d0c-bd0623978f65/elements {&quot;using&quot;: &quot;xpath&quot;, &quot;sessionId&quot;: &quot;7b46f400-be8e-6343-9d0c-bd0623978f65&quot;, &quot;value&quot;: &quot;//div[@class='jasmine_html-reporter']/div[@class='results']/div[@class='summary']&quot;}&#10;selenium.webdriver.remote.remote_connection: DEBUG: Finished Request&#10;selenium.webdriver.remote.remote_connection: DEBUG: POST http://127.0.0.1:61133/hub/session/7b46f400-be8e-6343-9d0c-bd0623978f65/elements {&quot;using&quot;: &quot;xpath&quot;, &quot;sessionId&quot;: &quot;7b46f400-be8e-6343-9d0c-bd0623978f65&quot;, &quot;value&quot;: &quot;//div[@class='jasmine_html-reporter']/div[@class='results']/div[@class='summary']&quot;}&#10;selenium.webdriver.remote.remote_connection: DEBUG: Finished Request&#10;selenium.webdriver.remote.remote_connection: DEBUG: POST http://127.0.0.1:61133/hub/session/7b46f400-be8e-6343-9d0c-bd0623978f65/elements {&quot;using&quot;: &quot;xpath&quot;, &quot;sessionId&quot;: &quot;7b46f400-be8e-6343-9d0c-bd0623978f65&quot;, &quot;value&quot;: &quot;//div[@class='jasmine_html-reporter']/div[@class='results']/div[@class='summary']&quot;}&#10;selenium.webdriver.remote.remote_connection: DEBUG: Finished Request&#10;selenium.webdriver.remote.remote_connection: DEBUG: POST http://127.0.0.1:61133/hub/session/7b46f400-be8e-6343-9d0c-bd0623978f65/elements {&quot;using&quot;: &quot;xpath&quot;, &quot;sessionId&quot;: &quot;7b46f400-be8e-6343-9d0c-bd0623978f65&quot;, &quot;value&quot;: &quot;//div[@class='jasmine_html-reporter']/div[@class='results']/div[@class='summary']&quot;}&#10;selenium.webdriver.remote.remote_connection: DEBUG: Finished Request&#10;selenium.webdriver.remote.remote_connection: DEBUG: POST http://127.0.0.1:61133/hub/session/7b46f400-be8e-6343-9d0c-bd0623978f65/elements {&quot;using&quot;: &quot;xpath&quot;, &quot;sessionId&quot;: &quot;7b46f400-be8e-6343-9d0c-bd0623978f65&quot;, &quot;value&quot;: &quot;//div[@class='jasmine_html-reporter']/div[@class='results']/div[@class='summary']&quot;}&#10;selenium.webdriver.remote.remote_connection: DEBUG: Finished Request&#10;selenium.webdriver.remote.remote_connection: DEBUG: POST http://127.0.0.1:61133/hub/session/7b46f400-be8e-6343-9d0c-bd0623978f65/elements {&quot;using&quot;: &quot;xpath&quot;, &quot;sessionId&quot;: &quot;7b46f400-be8e-6343-9d0c-bd0623978f65&quot;, &quot;value&quot;: &quot;//div[@class='jasmine_html-reporter']/div[@class='results']/div[@class='summary']&quot;}&#10;selenium.webdriver.remote.remote_connection: DEBUG: Finished Request&#10;selenium.webdriver.remote.remote_connection: DEBUG: POST http://127.0.0.1:61133/hub/session/7b46f400-be8e-6343-9d0c-bd0623978f65/elements {&quot;using&quot;: &quot;xpath&quot;, &quot;sessionId&quot;: &quot;7b46f400-be8e-6343-9d0c-bd0623978f65&quot;, &quot;value&quot;: &quot;//div[@class='jasmine_html-reporter']/div[@class='results']/div[@class='summary']&quot;}&#10;selenium.webdriver.remote.remote_connection: DEBUG: Finished Request&#10;selenium.webdriver.remote.remote_connection: DEBUG: POST http://127.0.0.1:61133/hub/session/7b46f400-be8e-6343-9d0c-bd0623978f65/elements {&quot;using&quot;: &quot;xpath&quot;, &quot;sessionId&quot;: &quot;7b46f400-be8e-6343-9d0c-bd0623978f65&quot;, &quot;value&quot;: &quot;//div[@class='jasmine_html-reporter']/div[@class='results']/div[@class='summary']&quot;}&#10;selenium.webdriver.remote.remote_connection: DEBUG: Finished Request&#10;selenium.webdriver.remote.remote_connection: DEBUG: POST http://127.0.0.1:61133/hub/session/7b46f400-be8e-6343-9d0c-bd0623978f65/elements {&quot;using&quot;: &quot;xpath&quot;, &quot;sessionId&quot;: &quot;7b46f400-be8e-6343-9d0c-bd0623978f65&quot;, &quot;value&quot;: &quot;//div[@class='jasmine_html-reporter']/div[@class='results']/div[@class='summary']&quot;}&#10;selenium.webdriver.remote.remote_connection: DEBUG: Finished Request&#10;selenium.webdriver.remote.remote_connection: DEBUG: POST http://127.0.0.1:61133/hub/session/7b46f400-be8e-6343-9d0c-bd0623978f65/elements {&quot;using&quot;: &quot;xpath&quot;, &quot;sessionId&quot;: &quot;7b46f400-be8e-6343-9d0c-bd0623978f65&quot;, &quot;value&quot;: &quot;//div[@class='jasmine_html-reporter']/div[@class='results']/div[@class='summary']&quot;}&#10;selenium.webdriver.remote.remote_connection: DEBUG: Finished Request&#10;selenium.webdriver.remote.remote_connection: DEBUG: POST http://127.0.0.1:61133/hub/session/7b46f400-be8e-6343-9d0c-bd0623978f65/elements {&quot;using&quot;: &quot;xpath&quot;, &quot;sessionId&quot;: &quot;7b46f400-be8e-6343-9d0c-bd0623978f65&quot;, &quot;value&quot;: &quot;//div[@class='jasmine_html-reporter']/div[@class='results']/div[@class='summary']&quot;}&#10;selenium.webdriver.remote.remote_connection: DEBUG: Finished Request&#10;selenium.webdriver.remote.remote_connection: DEBUG: POST http://127.0.0.1:61133/hub/session/7b46f400-be8e-6343-9d0c-bd0623978f65/elements {&quot;using&quot;: &quot;xpath&quot;, &quot;sessionId&quot;: &quot;7b46f400-be8e-6343-9d0c-bd0623978f65&quot;, &quot;value&quot;: &quot;//div[@class='jasmine_html-reporter']/div[@class='results']/div[@class='summary']&quot;}&#10;selenium.webdriver.remote.remote_connection: DEBUG: Finished Request&#10;selenium.webdriver.remote.remote_connection: DEBUG: POST http://127.0.0.1:61133/hub/session/7b46f400-be8e-6343-9d0c-bd0623978f65/elements {&quot;using&quot;: &quot;xpath&quot;, &quot;sessionId&quot;: &quot;7b46f400-be8e-6343-9d0c-bd0623978f65&quot;, &quot;value&quot;: &quot;//div[@class='jasmine_html-reporter']/div[@class='results']/div[@class='summary']&quot;}&#10;selenium.webdriver.remote.remote_connection: DEBUG: Finished Request&#10;selenium.webdriver.remote.remote_connection: DEBUG: POST http://127.0.0.1:61133/hub/session/7b46f400-be8e-6343-9d0c-bd0623978f65/elements {&quot;using&quot;: &quot;xpath&quot;, &quot;sessionId&quot;: &quot;7b46f400-be8e-6343-9d0c-bd0623978f65&quot;, &quot;value&quot;: &quot;//div[@class='jasmine_html-reporter']/div[@class='results']/div[@class='summary']&quot;}&#10;selenium.webdriver.remote.remote_connection: DEBUG: Finished Request&#10;selenium.webdriver.remote.remote_connection: DEBUG: POST http://127.0.0.1:61133/hub/session/7b46f400-be8e-6343-9d0c-bd0623978f65/elements {&quot;using&quot;: &quot;xpath&quot;, &quot;sessionId&quot;: &quot;7b46f400-be8e-6343-9d0c-bd0623978f65&quot;, &quot;value&quot;: &quot;//div[@class='jasmine_html-reporter']/div[@class='results']/div[@class='summary']&quot;}&#10;selenium.webdriver.remote.remote_connection: DEBUG: Finished Request&#10;selenium.webdriver.remote.remote_connection: DEBUG: POST http://127.0.0.1:61133/hub/session/7b46f400-be8e-6343-9d0c-bd0623978f65/elements {&quot;using&quot;: &quot;xpath&quot;, &quot;sessionId&quot;: &quot;7b46f400-be8e-6343-9d0c-bd0623978f65&quot;, &quot;value&quot;: &quot;//div[@class='jasmine_html-reporter']/div[@class='results']/div[@class='summary']&quot;}&#10;selenium.webdriver.remote.remote_connection: DEBUG: Finished Request&#10;selenium.webdriver.remote.remote_connection: DEBUG: POST http://127.0.0.1:61133/hub/session/7b46f400-be8e-6343-9d0c-bd0623978f65/elements {&quot;using&quot;: &quot;xpath&quot;, &quot;sessionId&quot;: &quot;7b46f400-be8e-6343-9d0c-bd0623978f65&quot;, &quot;value&quot;: &quot;//div[@class='jasmine_html-reporter']/div[@class='results']/div[@class='summary']&quot;}&#10;selenium.webdriver.remote.remote_connection: DEBUG: Finished Request&#10;selenium.webdriver.remote.remote_connection: DEBUG: POST http://127.0.0.1:61133/hub/session/7b46f400-be8e-6343-9d0c-bd0623978f65/elements {&quot;using&quot;: &quot;xpath&quot;, &quot;sessionId&quot;: &quot;7b46f400-be8e-6343-9d0c-bd0623978f65&quot;, &quot;value&quot;: &quot;//div[@class='jasmine_html-reporter']/div[@class='results']/div[@class='summary']&quot;}&#10;selenium.webdriver.remote.remote_connection: DEBUG: Finished Request&#10;selenium.webdriver.remote.remote_connection: DEBUG: POST http://127.0.0.1:61133/hub/session/7b46f400-be8e-6343-9d0c-bd0623978f65/elements {&quot;using&quot;: &quot;xpath&quot;, &quot;sessionId&quot;: &quot;7b46f400-be8e-6343-9d0c-bd0623978f65&quot;, &quot;value&quot;: &quot;//div[@class='jasmine_html-reporter']/div[@class='results']/div[@class='summary']&quot;}&#10;selenium.webdriver.remote.remote_connection: DEBUG: Finished Request&#10;selenium.webdriver.remote.remote_connection: DEBUG: POST http://127.0.0.1:61133/hub/session/7b46f400-be8e-6343-9d0c-bd0623978f65/elements {&quot;using&quot;: &quot;xpath&quot;, &quot;sessionId&quot;: &quot;7b46f400-be8e-6343-9d0c-bd0623978f65&quot;, &quot;value&quot;: &quot;//div[@class='jasmine_html-reporter']/div[@class='results']/div[@class='summary']&quot;}&#10;selenium.webdriver.remote.remote_connection: DEBUG: Finished Request&#10;selenium.webdriver.remote.remote_connection: DEBUG: POST http://127.0.0.1:61133/hub/session/7b46f400-be8e-6343-9d0c-bd0623978f65/elements {&quot;using&quot;: &quot;xpath&quot;, &quot;sessionId&quot;: &quot;7b46f400-be8e-6343-9d0c-bd0623978f65&quot;, &quot;value&quot;: &quot;//div[@class='jasmine_html-reporter']/div[@class='results']/div[@class='summary']&quot;}&#10;selenium.webdriver.remote.remote_connection: DEBUG: Finished Request&#10;selenium.webdriver.remote.remote_connection: DEBUG: POST http://127.0.0.1:61133/hub/session/7b46f400-be8e-6343-9d0c-bd0623978f65/elements {&quot;using&quot;: &quot;xpath&quot;, &quot;sessionId&quot;: &quot;7b46f400-be8e-6343-9d0c-bd0623978f65&quot;, &quot;value&quot;: &quot;//div[@class='jasmine_html-reporter']/div[@class='results']/div[@class='summary']&quot;}&#10;selenium.webdriver.remote.remote_connection: DEBUG: Finished Request&#10;selenium.webdriver.remote.remote_connection: DEBUG: POST http://127.0.0.1:61133/hub/session/7b46f400-be8e-6343-9d0c-bd0623978f65/elements {&quot;using&quot;: &quot;xpath&quot;, &quot;sessionId&quot;: &quot;7b46f400-be8e-6343-9d0c-bd0623978f65&quot;, &quot;value&quot;: &quot;//div[@class='jasmine_html-reporter']/div[@class='results']/div[@class='summary']&quot;}&#10;selenium.webdriver.remote.remote_connection: DEBUG: Finished Request&#10;selenium.webdriver.remote.remote_connection: DEBUG: POST http://127.0.0.1:61133/hub/session/7b46f400-be8e-6343-9d0c-bd0623978f65/elements {&quot;using&quot;: &quot;xpath&quot;, &quot;sessionId&quot;: &quot;7b46f400-be8e-6343-9d0c-bd0623978f65&quot;, &quot;value&quot;: &quot;//div[@class='jasmine_html-reporter']/div[@class='results']/div[@class='summary']&quot;}&#10;selenium.webdriver.remote.remote_connection: DEBUG: Finished Request&#10;selenium.webdriver.remote.remote_connection: DEBUG: POST http://127.0.0.1:61133/hub/session/7b46f400-be8e-6343-9d0c-bd0623978f65/elements {&quot;using&quot;: &quot;xpath&quot;, &quot;sessionId&quot;: &quot;7b46f400-be8e-6343-9d0c-bd0623978f65&quot;, &quot;value&quot;: &quot;//div[@class='jasmine_html-reporter']/div[@class='results']/div[@class='summary']&quot;}&#10;selenium.webdriver.remote.remote_connection: DEBUG: Finished Request&#10;selenium.webdriver.remote.remote_connection: DEBUG: POST http://127.0.0.1:61133/hub/session/7b46f400-be8e-6343-9d0c-bd0623978f65/elements {&quot;using&quot;: &quot;xpath&quot;, &quot;sessionId&quot;: &quot;7b46f400-be8e-6343-9d0c-bd0623978f65&quot;, &quot;value&quot;: &quot;//div[@class='jasmine_html-reporter']/div[@class='results']/div[@class='summary']&quot;}&#10;selenium.webdriver.remote.remote_connection: DEBUG: Finished Request&#10;selenium.webdriver.remote.remote_connection: DEBUG: POST http://127.0.0.1:61133/hub/session/7b46f400-be8e-6343-9d0c-bd0623978f65/elements {&quot;using&quot;: &quot;xpath&quot;, &quot;sessionId&quot;: &quot;7b46f400-be8e-6343-9d0c-bd0623978f65&quot;, &quot;value&quot;: &quot;//div[@class='jasmine_html-reporter']/div[@class='results']/div[@class='summary']&quot;}&#10;selenium.webdriver.remote.remote_connection: DEBUG: Finished Request&#10;selenium.webdriver.remote.remote_connection: DEBUG: POST http://127.0.0.1:61133/hub/session/7b46f400-be8e-6343-9d0c-bd0623978f65/elements {&quot;using&quot;: &quot;xpath&quot;, &quot;sessionId&quot;: &quot;7b46f400-be8e-6343-9d0c-bd0623978f65&quot;, &quot;value&quot;: &quot;//div[@class='jasmine_html-reporter']/div[@class='results']/div[@class='summary']&quot;}&#10;selenium.webdriver.remote.remote_connection: DEBUG: Finished Request&#10;selenium.webdriver.remote.remote_connection: DEBUG: POST http://127.0.0.1:61133/hub/session/7b46f400-be8e-6343-9d0c-bd0623978f65/elements {&quot;using&quot;: &quot;xpath&quot;, &quot;sessionId&quot;: &quot;7b46f400-be8e-6343-9d0c-bd0623978f65&quot;, &quot;value&quot;: &quot;//div[@class='jasmine_html-reporter']/div[@class='results']/div[@class='summary']&quot;}&#10;selenium.webdriver.remote.remote_connection: DEBUG: Finished Request&#10;selenium.webdriver.remote.remote_connection: DEBUG: POST http://127.0.0.1:61133/hub/session/7b46f400-be8e-6343-9d0c-bd0623978f65/elements {&quot;using&quot;: &quot;xpath&quot;, &quot;sessionId&quot;: &quot;7b46f400-be8e-6343-9d0c-bd0623978f65&quot;, &quot;value&quot;: &quot;//div[@class='jasmine_html-reporter']/div[@class='results']/div[@class='summary']&quot;}&#10;selenium.webdriver.remote.remote_connection: DEBUG: Finished Request&#10;selenium.webdriver.remote.remote_connection: DEBUG: POST http://127.0.0.1:61133/hub/session/7b46f400-be8e-6343-9d0c-bd0623978f65/elements {&quot;using&quot;: &quot;xpath&quot;, &quot;sessionId&quot;: &quot;7b46f400-be8e-6343-9d0c-bd0623978f65&quot;, &quot;value&quot;: &quot;//div[@class='jasmine_html-reporter']/div[@class='results']/div[@class='summary']&quot;}&#10;selenium.webdriver.remote.remote_connection: DEBUG: Finished Request&#10;selenium.webdriver.remote.remote_connection: DEBUG: POST http://127.0.0.1:61133/hub/session/7b46f400-be8e-6343-9d0c-bd0623978f65/elements {&quot;using&quot;: &quot;xpath&quot;, &quot;sessionId&quot;: &quot;7b46f400-be8e-6343-9d0c-bd0623978f65&quot;, &quot;value&quot;: &quot;//div[@class='jasmine_html-reporter']/div[@class='results']/div[@class='summary']&quot;}&#10;selenium.webdriver.remote.remote_connection: DEBUG: Finished Request&#10;selenium.webdriver.remote.remote_connection: DEBUG: POST http://127.0.0.1:61133/hub/session/7b46f400-be8e-6343-9d0c-bd0623978f65/elements {&quot;using&quot;: &quot;xpath&quot;, &quot;sessionId&quot;: &quot;7b46f400-be8e-6343-9d0c-bd0623978f65&quot;, &quot;value&quot;: &quot;//div[@class='jasmine_html-reporter']/div[@class='results']/div[@class='summary']&quot;}&#10;selenium.webdriver.remote.remote_connection: DEBUG: Finished Request&#10;selenium.webdriver.remote.remote_connection: DEBUG: POST http://127.0.0.1:61133/hub/session/7b46f400-be8e-6343-9d0c-bd0623978f65/elements {&quot;using&quot;: &quot;xpath&quot;, &quot;sessionId&quot;: &quot;7b46f400-be8e-6343-9d0c-bd0623978f65&quot;, &quot;value&quot;: &quot;//div[@class='jasmine_html-reporter']/div[@class='results']/div[@class='summary']&quot;}&#10;selenium.webdriver.remote.remote_connection: DEBUG: Finished Request&#10;selenium.webdriver.remote.remote_connection: DEBUG: POST http://127.0.0.1:61133/hub/session/7b46f400-be8e-6343-9d0c-bd0623978f65/elements {&quot;using&quot;: &quot;xpath&quot;, &quot;sessionId&quot;: &quot;7b46f400-be8e-6343-9d0c-bd0623978f65&quot;, &quot;value&quot;: &quot;//div[@class='jasmine_html-reporter']/div[@class='results']/div[@class='summary']&quot;}&#10;selenium.webdriver.remote.remote_connection: DEBUG: Finished Request&#10;selenium.webdriver.remote.remote_connection: DEBUG: POST http://127.0.0.1:61133/hub/session/7b46f400-be8e-6343-9d0c-bd0623978f65/elements {&quot;using&quot;: &quot;xpath&quot;, &quot;sessionId&quot;: &quot;7b46f400-be8e-6343-9d0c-bd0623978f65&quot;, &quot;value&quot;: &quot;//div[@class='jasmine_html-reporter']/div[@class='results']/div[@class='summary']&quot;}&#10;selenium.webdriver.remote.remote_connection: DEBUG: Finished Request&#10;selenium.webdriver.remote.remote_connection: DEBUG: POST http://127.0.0.1:61133/hub/session/7b46f400-be8e-6343-9d0c-bd0623978f65/elements {&quot;using&quot;: &quot;xpath&quot;, &quot;sessionId&quot;: &quot;7b46f400-be8e-6343-9d0c-bd0623978f65&quot;, &quot;value&quot;: &quot;//div[@class='jasmine_html-reporter']/div[@class='results']/div[@class='summary']&quot;}&#10;selenium.webdriver.remote.remote_connection: DEBUG: Finished Request&#10;selenium.webdriver.remote.remote_connection: DEBUG: POST http://127.0.0.1:61133/hub/session/7b46f400-be8e-6343-9d0c-bd0623978f65/elements {&quot;using&quot;: &quot;xpath&quot;, &quot;sessionId&quot;: &quot;7b46f400-be8e-6343-9d0c-bd0623978f65&quot;, &quot;value&quot;: &quot;//div[@class='jasmine_html-reporter']/div[@class='results']/div[@class='summary']&quot;}&#10;selenium.webdriver.remote.remote_connection: DEBUG: Finished Request&#10;selenium.webdriver.remote.remote_connection: DEBUG: POST http://127.0.0.1:61133/hub/session/7b46f400-be8e-6343-9d0c-bd0623978f65/elements {&quot;using&quot;: &quot;xpath&quot;, &quot;sessionId&quot;: &quot;7b46f400-be8e-6343-9d0c-bd0623978f65&quot;, &quot;value&quot;: &quot;//div[@class='jasmine_html-reporter']/div[@class='results']/div[@class='summary']&quot;}&#10;selenium.webdriver.remote.remote_connection: DEBUG: Finished Request&#10;selenium.webdriver.remote.remote_connection: DEBUG: POST http://127.0.0.1:61133/hub/session/7b46f400-be8e-6343-9d0c-bd0623978f65/elements {&quot;using&quot;: &quot;xpath&quot;, &quot;sessionId&quot;: &quot;7b46f400-be8e-6343-9d0c-bd0623978f65&quot;, &quot;value&quot;: &quot;//div[@class='jasmine_html-reporter']/div[@class='results']/div[@class='summary']&quot;}&#10;selenium.webdriver.remote.remote_connection: DEBUG: Finished Request&#10;selenium.webdriver.remote.remote_connection: DEBUG: POST http://127.0.0.1:61133/hub/session/7b46f400-be8e-6343-9d0c-bd0623978f65/elements {&quot;using&quot;: &quot;xpath&quot;, &quot;sessionId&quot;: &quot;7b46f400-be8e-6343-9d0c-bd0623978f65&quot;, &quot;value&quot;: &quot;//div[@class='jasmine_html-reporter']/div[@class='results']/div[@class='summary']&quot;}&#10;selenium.webdriver.remote.remote_connection: DEBUG: Finished Request&#10;selenium.webdriver.remote.remote_connection: DEBUG: POST http://127.0.0.1:61133/hub/session/7b46f400-be8e-6343-9d0c-bd0623978f65/elements {&quot;using&quot;: &quot;xpath&quot;, &quot;sessionId&quot;: &quot;7b46f400-be8e-6343-9d0c-bd0623978f65&quot;, &quot;value&quot;: &quot;//div[@class='jasmine_html-reporter']/div[@class='results']/div[@class='summary']&quot;}&#10;selenium.webdriver.remote.remote_connection: DEBUG: Finished Request&#10;selenium.webdriver.remote.remote_connection: DEBUG: POST http://127.0.0.1:61133/hub/session/7b46f400-be8e-6343-9d0c-bd062397
[...]
ummary\']"}\nselenium.webdriver.remote.remote_connection: DEBUG: Finished Request\nselenium.webdriver.remote.remote_connection: DEBUG: POST http://127.0.0.1:61133/hub/session/7b46f400-be8e-6343-9d0c-bd0623978f65/elements {"using": "xpath", "sessionId": "7b46f400-be8e-6343-9d0c-bd0623978f65", "value": "//div[@class=\'jasmine_html-reporter\']/div[@class=\'results\']/div[@class=\'summary\']"}\nselenium.webdriver.remote.remote_connection: DEBUG: Finished Request\nselenium.webdriver.remote.remote_connection: DEBUG: POST http://127.0.0.1:61133/hub/session/7b46f400-be8e-6343-9d0c-bd0623978f65/elements {"using": "xpath", "sessionId": "7b46f400-be8e-6343-9d0c-bd0623978f65", "value": "//div[@class=\'jasmine_html-reporter\']/div[@class=\'results\']/div[@class=\'summary\']"}\nselenium.webdriver.remote.remote_connection: DEBUG: Finished Request\nselenium.webdriver.remote.remote_connection: DEBUG: POST http://127.0.0.1:61133/hub/session/7b46f400-be8e-6343-9d0c-bd0623978f65/elements {"using": "xpath", "sessionId": "7b46f400-be8e-6343-9d0c-bd0623978f65", "value": "//div[@class=\'jasmine_html-reporter\']/div[@class=\'results\']/div[@class=\'summary\']"}\nselenium.webdriver.remote.remote_connection: DEBUG: Finished Request\nselenium.webdriver.remote.remote_connection: DEBUG: POST http://127.0.0.1:61133/hub/session/7b46f400-be8e-6343-9d0c-bd0623978f65/elements {"using": "xpath", "sessionId": "7b46f400-be8e-6343-9d0c-bd0623978f65", "value": "//div[@class=\'jasmine_html-reporter\']/div[@class=\'results\']/div[@class=\'summary\']"}\nselenium.webdriver.remote.remote_connection: DEBUG: Finished Request\nselenium.webdriver.remote.remote_connection: DEBUG: POST http://127.0.0.1:61133/hub/session/7b46f400-be8e-6343-9d0c-bd0623978f65/elements {"using": "xpath", "sessionId": "7b46f400-be8e-6343-9d0c-bd0623978f65", "value": "//div[@class=\'jasmine_html-reporter\']/div[@class=\'results\']/div[@class=\'summary\']"}\nselenium.webdriver.remote.remote_connection: DEBUG: Finished Request\nselenium.webdriver.remote.remote_connection: DEBUG: POST http://127.0.0.1:61133/hub/session/7b46f400-be8e-6343-9d0c-bd0623978f65/elements {"using": "xpath", "sessionId": "7b46f400-be8e-6343-9d0c-bd0623978f65", "value": "//div[@class=\'jasmine_html-reporter\']/div[@class=\'results\']/div[@class=\'summary\']"}\nselenium.webdriver.remote.remote_connection: DEBUG: Finished Request\nselenium.webdriver.remote.remote_connection: DEBUG: POST http://127.0.0.1:61133/hub/session/7b46f400-be8e-6343-9d0c-bd0623978f65/elements {"using": "xpath", "sessionId": "7b46f400-be8e-6343-9d0c-bd0623978f65", "value": "//div[@class=\'jasmine_html-reporter\']/div[@class=\'results\']/div[@class=\'summary\']"}\nselenium.webdriver.remote.remote_connection: DEBUG: Finished Request\nselenium.webdriver.remote.remote_connection: DEBUG: POST http://127.0.0.1:61133/hub/session/7b46f400-be8e-6343-9d0c-bd0623978f65/elements {"using": "xpath", "sessionId": "7b46f400-be8e-6343-9d0c-bd0623978f65", "value": "//div[@class=\'jasmine_html-reporter\']/div[@class=\'results\']/div[@class=\'summary\']"}\nselenium.webdriver.remote.remote_connection: DEBUG: Finished Request\nselenium.webdriver.remote.remote_connection: DEBUG: POST http://127.0.0.1:61133/hub/session/7b46f400-be8e-6343-9d0c-bd0623978f65/elements {"using": "xpath", "sessionId": "7b46f400-be8e-6343-9d0c-bd0623978f65", "value": "//div[@class=\'jasmine_html-reporter\']/div[@class=\'results\']/div[@class=\'summary\']"}\nselenium.webdriver.remote.remote_connection: DEBUG: Finished Request\nselenium.webdriver.remote.remote_connection: DEBUG: POST http://127.0.0.1:61133/hub/session/7b46f400-be8e-6343-9d0c-bd0623978f65/elements {"using": "xpath", "sessionId": "7b46f400-be8e-6343-9d0c-bd0623978f65", "value": "//div[@class=\'jasmine_html-reporter\']/div[@class=\'results\']/div[@class=\'summary\']"}\nselenium.webdriver.remote.remote_connection: DEBUG: Finished Request\nselenium.webdriver.remote.remote_connection: DEBUG: POST http://127.0.0.1:61133/hub/session/7b46f400-be8e-6343-9d0c-bd0623978f65/elements {"using": "xpath", "sessionId": "7b46f400-be8e-6343-9d0c-bd0623978f65", "value": "//div[@class=\'jasmine_html-reporter\']/div[@class=\'results\']/div[@class=\'summary\']"}\nselenium.webdriver.remote.remote_connection: DEBUG: Finished Request\nselenium.webdriver.remote.remote_connection: DEBUG: POST http://127.0.0.1:61133/hub/session/7b46f400-be8e-6343-9d0c-bd0623978f65/elements {"using": "xpath", "sessionId": "7b46f400-be8e-6343-9d0c-bd0623978f65", "value": "//div[@class=\'jasmine_html-reporter\']/div[@class=\'results\']/div[@class=\'summary\']"}\nselenium.webdriver.remote.remote_connection: DEBUG: Finished Request\nselenium.webdriver.remote.remote_connection: DEBUG: POST http://127.0.0.1:61133/hub/session/7b46f400-be8e-6343-9d0c-bd0623978f65/elements {"using": "xpath", "sessionId": "7b46f400-be8e-6343-9d0c-bd0623978f65", "value": "//div[@class=\'jasmine_html-reporter\']/div[@class=\'results\']/div[@class=\'summary\']"}\nselenium.webdriver.remote.remote_connection: DEBUG: Finished Request\nselenium.webdriver.remote.remote_connection: DEBUG: POST http://127.0.0.1:61133/hub/session/7b46f400-be8e-6343-9d0c-bd0623978f65/elements {"using": "xpath", "sessionId": "7b46f400-be8e-6343-9d0c-bd0623978f65", "value": "//div[@class=\'jasmine_html-reporter\']/div[@class=\'results\']/div[@class=\'summary\']"}\nselenium.webdriver.remote.remote_connection: DEBUG: Finished Request\nselenium.webdriver.remote.remote_connection: DEBUG: POST http://127.0.0.1:61133/hub/session/7b46f400-be8e-6343-9d0c-bd0623978f65/elements {"using": "xpath", "sessionId": "7b46f400-be8e-6343-9d0c-bd0623978f65", "value": "//div[@class=\'jasmine_html-reporter\']/div[@class=\'results\']/div[@class=\'summary\']"}\nselenium.webdriver.remote.remote_connection: DEBUG: Finished Request\nselenium.webdriver.remote.remote_connection: DEBUG: POST http://127.0.0.1:61133/hub/session/7b46f400-be8e-6343-9d0c-bd0623978f65/elements {"using": "xpath", "sessionId": "7b46f400-be8e-6343-9d0c-bd0623978f65", "value": "//div[@class=\'jasmine_html-reporter\']/div[@class=\'results\']/div[@class=\'summary\']"}\nselenium.webdriver.remote.remote_connection: DEBUG: Finished Request\nselenium.webdriver.remote.remote_connection: DEBUG: POST http://127.0.0.1:61133/hub/session/7b46f400-be8e-6343-9d0c-bd0623978f65/elements {"using": "xpath", "sessionId": "7b46f400-be8e-6343-9d0c-bd0623978f65", "value": "//div[@class=\'jasmine_html-reporter\']/div[@class=\'results\']/div[@class=\'summary\']"}\nselenium.webdriver.remote.remote_connection: DEBUG: Finished Request\nselenium.webdriver.remote.remote_connection: DEBUG: POST http://127.0.0.1:61133/hub/session/7b46f400-be8e-6343-9d0c-bd0623978f65/elements {"using": "xpath", "sessionId": "7b46f400-be8e-6343-9d0c-bd0623978f65", "value": "//div[@class=\'jasmine_html-reporter\']/div[@class=\'results\']/div[@class=\'summary\']"}\nselenium.webdriver.remote.remote_connection: DEBUG: Finished Request\nselenium.webdriver.remote.remote_connection: DEBUG: POST http://127.0.0.1:61133/hub/session/7b46f400-be8e-6343-9d0c-bd0623978f65/elements {"using": "xpath", "sessionId": "7b46f400-be8e-6343-9d0c-bd0623978f65", "value": "//div[@class=\'jasmine_html-reporter\']/div[@class=\'results\']/div[@class=\'summary\']"}\nselenium.webdriver.remote.remote_connection: DEBUG: Finished Request\nselenium.webdriver.remote.remote_connection: DEBUG: POST http://127.0.0.1:61133/hub/session/7b46f400-be8e-6343-9d0c-bd0623978f65/elements {"using": "xpath", "sessionId": "7b46f400-be8e-6343-9d0c-bd0623978f65", "value": "//div[@class=\'jasmine_html-reporter\']/div[@class=\'results\']/div[@class=\'summary\']"}\nselenium.webdriver.remote.remote_connection: DEBUG: Finished Request\nselenium.webdriver.remote.remote_connection: DEBUG: POST http://127.0.0.1:61133/hub/session/7b46f400-be8e-6343-9d0c-bd0623978f65/elements {"using": "xpath", "sessionId": "7b46f400-be8e-6343-9d0c-bd0623978f65", "value": "//div[@class=\'jasmine_html-reporter\']/div[@class=\'results\']/div[@class=\'summary\']"}\nselenium.webdriver.remote.remote_connection: DEBUG: Finished Request\nselenium.webdriver.remote.remote_connection: DEBUG: POST http://127.0.0.1:61133/hub/session/7b46f400-be8e-6343-9d0c-bd0623978f65/elements {"using": "xpath", "sessionId": "7b46f400-be8e-6343-9d0c-bd0623978f65", "value": "//div[@class=\'jasmine_html-reporter\']/div[@class=\'results\']/div[@class=\'summary\']"}\nselenium.webdriver.remote.remote_connection: DEBUG: Finished Request\nselenium.webdriver.remote.remote_connection: DEBUG: POST http://127.0.0.1:61133/hub/session/7b46f400-be8e-6343-9d0c-bd0623978f65/elements {"using": "xpath", "sessionId": "7b46f400-be8e-6343-9d0c-bd0623978f65", "value": "//div[@class=\'jasmine_html-reporter\']/div[@class=\'results\']/div[@class=\'summary\']"}\nselenium.webdriver.remote.remote_connection: DEBUG: Finished Request\nselenium.webdriver.remote.remote_connection: DEBUG: POST http://127.0.0.1:61133/hub/session/7b46f400-be8e-6343-9d0c-bd0623978f65/elements {"using": "xpath", "sessionId": "7b46f400-be8e-6343-9d0c-bd0623978f65", "value": "//div[@class=\'jasmine_html-reporter\']/div[@class=\'results\']/div[@class=\'summary\']"}\nselenium.webdriver.remote.remote_connection: DEBUG: Finished Request\nselenium.webdriver.remote.remote_connection: DEBUG: POST http://127.0.0.1:61133/hub/session/7b46f400-be8e-6343-9d0c-bd0623978f65/elements {"using": "xpath", "sessionId": "7b46f400-be8e-6343-9d0c-bd0623978f65", "value": "//div[@class=\'jasmine_html-reporter\']/div[@class=\'results\']/div[@class=\'summary\']"}\nselenium.webdriver.remote.remote_connection: DEBUG: Finished Request\nselenium.webdriver.remote.remote_connection: DEBUG: POST http://127.0.0.1:61133/hub/session/7b46f400-be8e-6343-9d0c-bd0623978f65/elements {"using": "xpath", "sessionId": "7b46f400-be8e-6343-9d0c-bd0623978f65", "value": "//div[@class=\'jasmine_html-reporter\']/div[@class=\'results\']/div[@class=\'summary\']"}\nselenium.webdriver.remote.remote_connection: DEBUG: Finished Request\nselenium.webdriver.remote.remote_connection: DEBUG: POST http://127.0.0.1:61133/hub/session/7b46f400-be8e-6343-9d0c-bd0623978f65/elements {"using": "xpath", "sessionId": "7b46f400-be8e-6343-9d0c-bd0623978f65", "value": "//div[@class=\'jasmine_html-reporter\']/div[@class=\'results\']/div[@class=\'summary\']"}\nselenium.webdriver.remote.remote_connection: DEBUG: Finished Request\nselenium.webdriver.remote.remote_connection: DEBUG: POST http://127.0.0.1:61133/hub/session/7b46f400-be8e-6343-9d0c-bd0623978f65/elements {"using": "xpath", "sessionId": "7b46f400-be8e-6343-9d0c-bd0623978f65", "value": "//div[@class=\'jasmine_html-reporter\']/div[@class=\'results\']/div[@class=\'summary\']"}\nselenium.webdriver.remote.remote_connection: DEBUG: Finished Request\nselenium.webdriver.remote.remote_connection: DEBUG: POST http://127.0.0.1:61133/hub/session/7b46f400-be8e-6343-9d0c-bd0623978f65/elements {"using": "xpath", "sessionId": "7b46f400-be8e-6343-9d0c-bd0623978f65", "value": "//div[@class=\'jasmine_html-reporter\']/div[@class=\'results\']/div[@class=\'summary\']"}\nselenium.webdriver.remote.remote_connection: DEBUG: Finished Request\nselenium.webdriver.remote.remote_connection: DEBUG: POST http://127.0.0.1:61133/hub/session/7b46f400-be8e-6343-9d0c-bd0623978f65/elements {"using": "xpath", "sessionId": "7b46f400-be8e-6343-9d0c-bd0623978f65", "value": "//div[@class=\'jasmine_html-reporter\']/div[@class=\'results\']/div[@class=\'summary\']"}\nselenium.webdriver.remote.remote_connection: DEBUG: Finished Request\nselenium.webdriver.remote.remote_connection: DEBUG: POST http://127.0.0.1:61133/hub/session/7b46f400-be8e-6343-9d0c-bd0623978f65/elements {"using": "xpath", "sessionId": "7b46f400-be8e-6343-9d0c-bd0623978f65", "value": "//div[@class=\'jasmine_html-reporter\']/div[@class=\'results\']/div[@class=\'summary\']"}\nselenium.webdriver.remote.remote_connection: DEBUG: Finished Request\nselenium.webdriver.remote.remote_connection: DEBUG: POST http://127.0.0.1:61133/hub/session/7b46f400-be8e-6343-9d0c-bd0623978f65/elements {"using": "xpath", "sessionId": "7b46f400-be8e-6343-9d0c-bd0623978f65", "value": "//div[@class=\'jasmine_html-reporter\']/div[@class=\'results\']/div[@class=\'summary\']"}\nselenium.webdriver.remote.remote_connection: DEBUG: Finished Request\nselenium.webdriver.remote.remote_connection: DEBUG: POST http://127.0.0.1:61133/hub/session/7b46f400-be8e-6343-9d0c-bd0623978f65/elements {"using": "xpath", "sessionId": "7b46f400-be8e-6343-9d0c-bd0623978f65", "value": "//div[@class=\'jasmine_html-reporter\']/div[@class=\'results\']/div[@class=\'summary\']"}\nselenium.webdriver.remote.remote_connection: DEBUG: Finished Request\nselenium.webdriver.remote.remote_connection: DEBUG: POST http://127.0.0.1:61133/hub/session/7b46f400-be8e-6343-9d0c-bd0623978f65/elements {"using": "xpath", "sessionId": "7b46f400-be8e-6343-9d0c-bd0623978f65", "value": "//div[@class=\'jasmine_html-reporter\']/div[@class=\'results\']/div[@class=\'summary\']"}\nselenium.webdriver.remote.remote_connection: DEBUG: Finished Request\nselenium.webdriver.remote.remote_connection: DEBUG: POST http://127.0.0.1:61133/hub/session/7b46f400-be8e-6343-9d0c-bd0623978f65/elements {"using": "xpath", "sessionId": "7b46f400-be8e-6343-9d0c-bd0623978f65", "value": "//div[@class=\'jasmine_html-reporter\']/div[@class=\'results\']/div[@class=\'summary\']"}\nselenium.webdriver.remote.remote_connection: DEBUG: Finished Request\nselenium.webdriver.remote.remote_connection: DEBUG: POST http://127.0.0.1:61133/hub/session/7b46f400-be8e-6343-9d0c-bd0623978f65/elements {"using": "xpath", "sessionId": "7b46f400-be8e-6343-9d0c-bd0623978f65", "value": "//div[@class=\'jasmine_html-reporter\']/div[@class=\'results\']/div[@class=\'summary\']"}\nselenium.webdriver.remote.remote_connection: DEBUG: Finished Request\nselenium.webdriver.remote.remote_connection: DEBUG: POST http://127.0.0.1:61133/hub/session/7b46f400-be8e-6343-9d0c-bd0623978f65/elements {"using": "xpath", "sessionId": "7b46f400-be8e-6343-9d0c-bd0623978f65", "value": "//div[@class=\'jasmine_html-reporter\']/div[@class=\'results\']/div[@class=\'summary\']"}\nselenium.webdriver.remote.remote_connection: DEBUG: Finished Request\nselenium.webdriver.remote.remote_connection: DEBUG: POST http://127.0.0.1:61133/hub/session/7b46f400-be8e-6343-9d0c-bd0623978f65/elements {"using": "xpath", "sessionId": "7b46f400-be8e-6343-9d0c-bd0623978f65", "value": "//div[@class=\'jasmine_html-reporter\']/div[@class=\'results\']/div[@class=\'summary\']"}\nselenium.webdriver.remote.remote_connection: DEBUG: Finished Request\nselenium.webdriver.remote.remote_connection: DEBUG: POST http://127.0.0.1:61133/hub/session/7b46f400-be8e-6343-9d0c-bd0623978f65/elements {"using": "xpath", "sessionId": "7b46f400-be8e-6343-9d0c-bd0623978f65", "value": "//div[@class=\'jasmine_html-reporter\']/div[@class=\'results\']/div[@class=\'summary\']"}\nselenium.webdriver.remote.remote_connection: DEBUG: Finished Request\nselenium.webdriver.remote.remote_connection: DEBUG: POST http://127.0.0.1:61133/hub/session/7b46f400-be8e-6343-9d0c-bd0623978f65/elements {"using": "xpath", "sessionId": "7b46f400-be8e-6343-9d0c-bd0623978f65", "value": "//div[@class=\'jasmine_html-reporter\']/div[@class=\'results\']/div[@class=\'summary\']"}\nselenium.webdriver.remote.remote_connection: DEBUG: Finished Request\nselenium.webdriver.remote.remote_connection: DEBUG: POST http://127.0.0.1:61133/hub/session/7b46f400-be8e-6343-9d0c-bd0623978f65/elements {"using": "xpath", "sessionId": "7b46f400-be8e-6343-9d0c-bd0623978f65", "value": "//div[@class=\'jasmine_html-reporter\']/div[@class=\'results\']/div[@class=\'summary\']"}\nselenium.webdriver.remote.remote_connection: DEBUG: Finished Request\nselenium.webdriver.remote.remote_connection: DEBUG: POST http://127.0.0.1:61133/hub/session/7b46f400-be8e-6343-9d0c-bd0623978f65/elements {"using": "xpath", "sessionId": "7b46f400-be8e-6343-9d0c-bd0623978f65", "value": "//div[@class=\'jasmine_html-reporter\']/div[@class=\'results\']/div[@class=\'summary\']"}\nselenium.webdriver.remote.remote_connection: DEBUG: Finished Request\nselenium.webdriver.remote.remote_connection: DEBUG: POST http://127.0.0.1:61133/hub/session/7b46f400-be8e-6343-9d0c-bd0623978f65/elements {"using": "xpath", "sessionId": "7b46f400-be8e-6343-9d0c-bd0623978f65", "value": "//div[@class=\'jasmine_html-reporter\']/div[@class=\'results\']/div[@class=\'summary\']"}\nselenium.webdriver.remote.remote_connection: DEBUG: Finished Request\nselenium.webdriver.remote.remote_connection: DEBUG: POST http://127.0.0.1:61133/hub/session/7b46f400-be8e-6343-9d0c-bd0623978f65/elements {"using": "xpath", "sessionId": "7b46f400-be8e-6343-9d0c-bd0623978f65", "value": "//div[@class=\'jasmine_html-reporter\']/div[@class=\'results\']/div[@class=\'summary\']"}\nselenium.webdriver.remote.remote_connection: DEBUG: Finished Request\nselenium.webdriver.remote.remote_connection: DEBUG: POST http://127.0.0.1:61133/hub/session/7b46f400-be8e-6343-9d0c-bd0623978f65/elements {"using": "xpath", "sessionId": "7b46f400-be8e-6343-9d0c-bd0623978f65", "value": "//div[@class=\'jasmine_html-reporter\']/div[@class=\'results\']/div[@class=\'summary\']"}\nselenium.webdriver.remote.remote_connection: DEBUG: Finished Request\nselenium.webdriver.remote.remote_connection: DEBUG: POST http://127.0.0.1:61133/hub/session/7b46f400-be8e-6343-9d0c-bd0623978f65/elements {"using": "xpath", "sessionId": "7b46f400-be8e-6343-9d0c-bd0623978f65", "value": "//div[@class=\'jasmine_html-reporter\']/div[@class=\'results\']/div[@class=\'summary\']"}\nselenium.webdriver.remote.remote_connection: DEBUG: Finished Request\nselenium.webdriver.remote.remote_connection: DEBUG: POST http://127.0.0.1:61133/hub/session/7b46f400-be8e-6343-9d0c-bd0623978f65/elements {"using": "xpath", "sessionId": "7b46f400-be8e-6343-9d0c-bd0623978f65", "value": "//div[@class=\'jasmine_html-reporter\']/div[@class=\'results\']/div[@class=\'summary\']"}\nselenium.webdriver.remote.remote_connection: DEBUG: Finished Request\nselenium.webdriver.remote.remote_connection: DEBUG: POST http://127.0.0.1:61133/hub/session/7b46f400-be8e-6343-9d0c-bd0623978f65/elements {"using": "xpath", "sessionId": "7b46f400-be8e-6343-9d0c-bd0623978f65", "value": "//div[@class=\'jasmine_html-reporter\']/div[@class=\'results\']/div[@class=\'summary\']"}\nselenium.webdriver.remote.remote_connection: DEBUG: Finished Request\nselenium.webdriver.remote.remote_connection: DEBUG: POST http://127.0.0.1:61133/hub/session/7b46f400-be8e-6343-9d0c-bd0623978f65/elements {"using": "xpath", "sessionId": "7b46f400-be8e-6343-9d0c-bd0623978f65", "value": "//div[@class=\'jasmine_html-reporter\']/div[@class=\'results\']/div[@class=\'summary\']"}\nselenium.webdriver.remote.remote_connection: DEBUG: Finished Request\nselenium.webdriver.remote.remote_connection: DEBUG: POST http://127.0.0.1:61133/hub/session/7b46f400-be8e-6343-9d0c-bd0623978f65/elements {"using": "xpath", "sessionId": "7b46f400-be8e-6343-9d0c-bd0623978f65", "value": "//div[@class=\'jasmine_html-reporter\']/div[@class=\'results\']/div[@class=\'summary\']"}\nselenium.webdriver.remote.remote_connection: DEBUG: Finished Request\nselenium.webdriver.remote.remote_connection: DEBUG: POST http://127.0.0.1:61133/hub/session/7b46f400-be8e-6343-9d0c-bd0623978f65/elements {"using": "xpath", "sessionId": "7b46f400-be8e-6343-9d0c-bd0623978f65", "value": "//div[@class=\'jasmine_html-reporter\']/div[@class=\'results\']/div[@class=\'summary\']"}\nselenium.webdriver.remote.remote_connection: DEBUG: Finished Request\nselenium.webdriver.remote.remote_connection: DEBUG: POST http://127.0.0.1:61133/hub/session/7b46f400-be8e-6343-9d0c-bd0623978f65/elements {"using": "xpath", "sessionId": "7b46f400-be8e-6343-9d0c-bd0623978f65", "value": "//div[@class=\'jasmine_html-reporter\']/div[@class=\'results\']/div[@class=\'summary\']"}\nselenium.webdriver.remote.remote_connection: DEBUG: Finished Request\n--------------------- >> end captured logging << ---------------------']]></error></testcase></testsuite>